# project ns configured on Thu Oct 19 14:33:17 2023 by
# waf 2.0.18 (abi 20, python 30a0cf0 on linux)
# using ./waf configure
#
----------------------------------------
Setting top to
/home/dm4/cachesim
----------------------------------------
Setting out to
/home/dm4/cachesim/build
----------------------------------------
Checking for 'gcc' (C compiler)
find program=['gcc', 'cc'] paths=['/home/dm4/cachesim/tools/x86_trace_generator/pin-3.13-98189-g60a6ef199-gcc-linux', '/usr/local/sbin', '/usr/local/bin', '/usr/sbin', '/usr/bin', '/sbin', '/bin', '/usr/games', '/usr/local/games', '/snap/bin', '/snap/bin'] var='CC' -> ['/usr/bin/gcc']
['/usr/bin/gcc', '-dM', '-E', '-']
out: #define __SSP_STRONG__ 3
#define __DBL_MIN_EXP__ (-1021)
#define __UINT_LEAST16_MAX__ 0xffff
#define __ATOMIC_ACQUIRE 2
#define __FLT128_MAX_10_EXP__ 4932
#define __FLT_MIN__ 1.17549435082228750796873653722224568e-38F
#define __GCC_IEC_559_COMPLEX 2
#define __UINT_LEAST8_TYPE__ unsigned char
#define __SIZEOF_FLOAT80__ 16
#define __INTMAX_C(c) c ## L
#define __CHAR_BIT__ 8
#define __UINT8_MAX__ 0xff
#define __SCHAR_WIDTH__ 8
#define __WINT_MAX__ 0xffffffffU
#define __FLT32_MIN_EXP__ (-125)
#define __ORDER_LITTLE_ENDIAN__ 1234
#define __SIZE_MAX__ 0xffffffffffffffffUL
#define __WCHAR_MAX__ 0x7fffffff
#define __GCC_HAVE_SYNC_COMPARE_AND_SWAP_1 1
#define __GCC_HAVE_SYNC_COMPARE_AND_SWAP_2 1
#define __GCC_HAVE_SYNC_COMPARE_AND_SWAP_4 1
#define __DBL_DENORM_MIN__ ((double)4.94065645841246544176568792868221372e-324L)
#define __GCC_HAVE_SYNC_COMPARE_AND_SWAP_8 1
#define __GCC_ATOMIC_CHAR_LOCK_FREE 2
#define __GCC_IEC_559 2
#define __FLT32X_DECIMAL_DIG__ 17
#define __FLT_EVAL_METHOD__ 0
#define __FLT64_DECIMAL_DIG__ 17
#define __CET__ 3
#define __GCC_ATOMIC_CHAR32_T_LOCK_FREE 2
#define __UINT_FAST64_MAX__ 0xffffffffffffffffUL
#define __SIG_ATOMIC_TYPE__ int
#define __DBL_MIN_10_EXP__ (-307)
#define __FINITE_MATH_ONLY__ 0
#define __FLT32X_MAX_EXP__ 1024
#define __FLT32_HAS_DENORM__ 1
#define __UINT_FAST8_MAX__ 0xff
#define __FLT32_MAX_10_EXP__ 38
#define __DEC64_MAX_EXP__ 385
#define __INT8_C(c) c
#define __INT_LEAST8_WIDTH__ 8
#define __UINT_LEAST64_MAX__ 0xffffffffffffffffUL
#define __SHRT_MAX__ 0x7fff
#define __LDBL_MAX__ 1.18973149535723176502126385303097021e+4932L
#define __FLT64X_MAX_10_EXP__ 4932
#define __LDBL_IS_IEC_60559__ 2
#define __FLT64X_HAS_QUIET_NAN__ 1
#define __UINT_LEAST8_MAX__ 0xff
#define __GCC_ATOMIC_BOOL_LOCK_FREE 2
#define __FLT128_DENORM_MIN__ 6.47517511943802511092443895822764655e-4966F128
#define __UINTMAX_TYPE__ long unsigned int
#define __linux 1
#define __DEC32_EPSILON__ 1E-6DF
#define __FLT_EVAL_METHOD_TS_18661_3__ 0
#define __unix 1
#define __UINT32_MAX__ 0xffffffffU
#define __FLT128_MIN_EXP__ (-16381)
#define __WINT_MIN__ 0U
#define __FLT128_MIN_10_EXP__ (-4931)
#define __FLT32X_IS_IEC_60559__ 2
#define __INT_LEAST16_WIDTH__ 16
#define __SCHAR_MAX__ 0x7f
#define __FLT128_MANT_DIG__ 113
#define __WCHAR_MIN__ (-__WCHAR_MAX__ - 1)
#define __INT64_C(c) c ## L
#define __GCC_ATOMIC_POINTER_LOCK_FREE 2
#define __FLT32X_MANT_DIG__ 53
#define __USER_LABEL_PREFIX__ 
#define __FLT64X_EPSILON__ 1.08420217248550443400745280086994171e-19F64x
#define __STDC_HOSTED__ 1
#define __DEC64_MIN_EXP__ (-382)
#define __DBL_DIG__ 15
#define __FLT32_DIG__ 6
#define __FLT_EPSILON__ 1.19209289550781250000000000000000000e-7F
#define __SHRT_WIDTH__ 16
#define __FLT32_IS_IEC_60559__ 2
#define __LDBL_MIN__ 3.36210314311209350626267781732175260e-4932L
#define __STDC_UTF_16__ 1
#define __DBL_IS_IEC_60559__ 2
#define __DEC32_MAX__ 9.999999E96DF
#define __FLT64X_DENORM_MIN__ 3.64519953188247460252840593361941982e-4951F64x
#define __FLT32X_HAS_INFINITY__ 1
#define __INT32_MAX__ 0x7fffffff
#define __unix__ 1
#define __INT_WIDTH__ 32
#define __SIZEOF_LONG__ 8
#define __STDC_IEC_559__ 1
#define __STDC_ISO_10646__ 201706L
#define __UINT16_C(c) c
#define __DECIMAL_DIG__ 21
#define __STDC_IEC_559_COMPLEX__ 1
#define __FLT64_EPSILON__ 2.22044604925031308084726333618164062e-16F64
#define __gnu_linux__ 1
#define __FLT128_IS_IEC_60559__ 2
#define __FLT64X_MIN_10_EXP__ (-4931)
#define __LDBL_HAS_QUIET_NAN__ 1
#define __FLT64_MANT_DIG__ 53
#define __FLT64X_MANT_DIG__ 64
#define __GNUC__ 11
#define __pie__ 2
#define __MMX__ 1
#define __FLT_HAS_DENORM__ 1
#define __SIZEOF_LONG_DOUBLE__ 16
#define __BIGGEST_ALIGNMENT__ 16
#define __FLT64_MAX_10_EXP__ 308
#define __DBL_MAX__ ((double)1.79769313486231570814527423731704357e+308L)
#define __INT_FAST32_MAX__ 0x7fffffffffffffffL
#define __DBL_HAS_INFINITY__ 1
#define __SIZEOF_FLOAT__ 4
#define __HAVE_SPECULATION_SAFE_VALUE 1
#define __DEC32_MIN_EXP__ (-94)
#define __INTPTR_WIDTH__ 64
#define __FLT64X_HAS_INFINITY__ 1
#define __UINT_LEAST32_MAX__ 0xffffffffU
#define __FLT32X_HAS_DENORM__ 1
#define __INT_FAST16_TYPE__ long int
#define __MMX_WITH_SSE__ 1
#define __LDBL_HAS_DENORM__ 1
#define __FLT128_HAS_INFINITY__ 1
#define __DEC32_MIN__ 1E-95DF
#define __DBL_MAX_EXP__ 1024
#define __WCHAR_WIDTH__ 32
#define __FLT32_MAX__ 3.40282346638528859811704183484516925e+38F32
#define __DEC128_EPSILON__ 1E-33DL
#define __SSE2_MATH__ 1
#define __ATOMIC_HLE_RELEASE 131072
#define __PTRDIFF_MAX__ 0x7fffffffffffffffL
#define __amd64 1
#define __ATOMIC_HLE_ACQUIRE 65536
#define __LONG_LONG_MAX__ 0x7fffffffffffffffLL
#define __SIZEOF_SIZE_T__ 8
#define __FLT64X_MIN_EXP__ (-16381)
#define __SIZEOF_WINT_T__ 4
#define __LONG_LONG_WIDTH__ 64
#define __FLT32_MAX_EXP__ 128
#define __GXX_ABI_VERSION 1016
#define __FLT_MIN_EXP__ (-125)
#define __GCC_HAVE_DWARF2_CFI_ASM 1
#define __INT16_MAX__ 0x7fff
#define __x86_64 1
#define __INT_FAST64_TYPE__ long int
#define __FLT64_DENORM_MIN__ 4.94065645841246544176568792868221372e-324F64
#define __DBL_MIN__ ((double)2.22507385850720138309023271733240406e-308L)
#define __FLT128_EPSILON__ 1.92592994438723585305597794258492732e-34F128
#define __FLT64X_NORM_MAX__ 1.18973149535723176502126385303097021e+4932F64x
#define __SIZEOF_POINTER__ 8
#define __LP64__ 1
#define __DBL_HAS_QUIET_NAN__ 1
#define __FLT32X_EPSILON__ 2.22044604925031308084726333618164062e-16F32x
#define __DECIMAL_BID_FORMAT__ 1
#define __FLT64_MIN_EXP__ (-1021)
#define __FLT64_MIN_10_EXP__ (-307)
#define __FLT64X_DECIMAL_DIG__ 21
#define __DEC128_MIN__ 1E-6143DL
#define __REGISTER_PREFIX__ 
#define __UINT16_MAX__ 0xffff
#define __DBL_HAS_DENORM__ 1
#define __LDBL_HAS_INFINITY__ 1
#define __FLT32_MIN__ 1.17549435082228750796873653722224568e-38F32
#define __UINT8_TYPE__ unsigned char
#define __FLT_DIG__ 6
#define __NO_INLINE__ 1
#define __DEC_EVAL_METHOD__ 2
#define __DEC128_MAX__ 9.999999999999999999999999999999999E6144DL
#define __FLT_MANT_DIG__ 24
#define __LDBL_DECIMAL_DIG__ 21
#define __VERSION__ "11.4.0"
#define __UINT64_C(c) c ## UL
#define _STDC_PREDEF_H 1
#define __INT_LEAST32_MAX__ 0x7fffffff
#define __GCC_ATOMIC_INT_LOCK_FREE 2
#define __FLT128_MAX_EXP__ 16384
#define __FLT32_MANT_DIG__ 24
#define __FLOAT_WORD_ORDER__ __ORDER_LITTLE_ENDIAN__
#define __STDC_IEC_60559_COMPLEX__ 201404L
#define __FLT128_HAS_DENORM__ 1
#define __FLT32_DECIMAL_DIG__ 9
#define __FLT128_DIG__ 33
#define __INT32_C(c) c
#define __DEC64_EPSILON__ 1E-15DD
#define __ORDER_PDP_ENDIAN__ 3412
#define __DEC128_MIN_EXP__ (-6142)
#define __INT_FAST32_TYPE__ long int
#define __UINT_LEAST16_TYPE__ short unsigned int
#define unix 1
#define __SIZE_TYPE__ long unsigned int
#define __UINT64_MAX__ 0xffffffffffffffffUL
#define __FLT_IS_IEC_60559__ 2
#define __GNUC_WIDE_EXECUTION_CHARSET_NAME "UTF-32LE"
#define __FLT64X_DIG__ 18
#define __INT8_TYPE__ signed char
#define __ELF__ 1
#define __GCC_ASM_FLAG_OUTPUTS__ 1
#define __UINT32_TYPE__ unsigned int
#define __FLT_RADIX__ 2
#define __INT_LEAST16_TYPE__ short int
#define __LDBL_EPSILON__ 1.08420217248550443400745280086994171e-19L
#define __UINTMAX_C(c) c ## UL
#define __SSE_MATH__ 1
#define __k8 1
#define __FLT32X_MIN__ 2.22507385850720138309023271733240406e-308F32x
#define __SIG_ATOMIC_MAX__ 0x7fffffff
#define __GCC_ATOMIC_WCHAR_T_LOCK_FREE 2
#define __STDC_IEC_60559_BFP__ 201404L
#define __SIZEOF_PTRDIFF_T__ 8
#define __LDBL_DIG__ 18
#define __FLT64_IS_IEC_60559__ 2
#define __x86_64__ 1
#define __FLT32X_MIN_EXP__ (-1021)
#define __DEC32_SUBNORMAL_MIN__ 0.000001E-95DF
#define __INT_FAST16_MAX__ 0x7fffffffffffffffL
#define __FLT64_DIG__ 15
#define __UINT_FAST32_MAX__ 0xffffffffffffffffUL
#define __UINT_LEAST64_TYPE__ long unsigned int
#define __FLT_HAS_QUIET_NAN__ 1
#define __FLT_MAX_10_EXP__ 38
#define __LONG_MAX__ 0x7fffffffffffffffL
#define __FLT64X_HAS_DENORM__ 1
#define __DEC128_SUBNORMAL_MIN__ 0.000000000000000000000000000000001E-6143DL
#define __FLT_HAS_INFINITY__ 1
#define __GNUC_EXECUTION_CHARSET_NAME "UTF-8"
#define __UINT_FAST16_TYPE__ long unsigned int
#define __DEC64_MAX__ 9.999999999999999E384DD
#define __INT_FAST32_WIDTH__ 64
#define __CHAR16_TYPE__ short unsigned int
#define __PRAGMA_REDEFINE_EXTNAME 1
#define __SIZE_WIDTH__ 64
#define __SEG_FS 1
#define __INT_LEAST16_MAX__ 0x7fff
#define __DEC64_MANT_DIG__ 16
#define __INT64_MAX__ 0x7fffffffffffffffL
#define __SEG_GS 1
#define __FLT32_DENORM_MIN__ 1.40129846432481707092372958328991613e-45F32
#define __SIG_ATOMIC_WIDTH__ 32
#define __INT_LEAST64_TYPE__ long int
#define __INT16_TYPE__ short int
#define __INT_LEAST8_TYPE__ signed char
#define __STDC_VERSION__ 201710L
#define __SIZEOF_INT__ 4
#define __DEC32_MAX_EXP__ 97
#define __INT_FAST8_MAX__ 0x7f
#define __FLT128_MAX__ 1.18973149535723176508575932662800702e+4932F128
#define __INTPTR_MAX__ 0x7fffffffffffffffL
#define linux 1
#define __FLT64_HAS_QUIET_NAN__ 1
#define __FLT32_MIN_10_EXP__ (-37)
#define __FLT32X_DIG__ 15
#define __PTRDIFF_WIDTH__ 64
#define __LDBL_MANT_DIG__ 64
#define __FLT64_HAS_INFINITY__ 1
#define __FLT64X_MAX__ 1.18973149535723176502126385303097021e+4932F64x
#define __SIG_ATOMIC_MIN__ (-__SIG_ATOMIC_MAX__ - 1)
#define __code_model_small__ 1
#define __GCC_ATOMIC_LONG_LOCK_FREE 2
#define __DEC32_MANT_DIG__ 7
#define __k8__ 1
#define __INTPTR_TYPE__ long int
#define __UINT16_TYPE__ short unsigned int
#define __WCHAR_TYPE__ int
#define __pic__ 2
#define __UINTPTR_MAX__ 0xffffffffffffffffUL
#define __INT_FAST64_WIDTH__ 64
#define __INT_FAST64_MAX__ 0x7fffffffffffffffL
#define __GCC_ATOMIC_TEST_AND_SET_TRUEVAL 1
#define __FLT_NORM_MAX__ 3.40282346638528859811704183484516925e+38F
#define __FLT32_HAS_INFINITY__ 1
#define __FLT64X_MAX_EXP__ 16384
#define __UINT_FAST64_TYPE__ long unsigned int
#define __INT_MAX__ 0x7fffffff
#define __linux__ 1
#define __INT64_TYPE__ long int
#define __FLT_MAX_EXP__ 128
#define __ORDER_BIG_ENDIAN__ 4321
#define __DBL_MANT_DIG__ 53
#define __SIZEOF_FLOAT128__ 16
#define __INT_LEAST64_MAX__ 0x7fffffffffffffffL
#define __GCC_ATOMIC_CHAR16_T_LOCK_FREE 2
#define __DEC64_MIN__ 1E-383DD
#define __WINT_TYPE__ unsigned int
#define __UINT_LEAST32_TYPE__ unsigned int
#define __SIZEOF_SHORT__ 2
#define __FLT32_NORM_MAX__ 3.40282346638528859811704183484516925e+38F32
#define __SSE__ 1
#define __LDBL_MIN_EXP__ (-16381)
#define __FLT64_MAX__ 1.79769313486231570814527423731704357e+308F64
#define __amd64__ 1
#define __WINT_WIDTH__ 32
#define __INT_LEAST8_MAX__ 0x7f
#define __INT_LEAST64_WIDTH__ 64
#define __LDBL_MAX_EXP__ 16384
#define __FLT32X_MAX_10_EXP__ 308
#define __SIZEOF_INT128__ 16
#define __FLT64X_IS_IEC_60559__ 2
#define __LDBL_MAX_10_EXP__ 4932
#define __ATOMIC_RELAXED 0
#define __DBL_EPSILON__ ((double)2.22044604925031308084726333618164062e-16L)
#define __FLT128_MIN__ 3.36210314311209350626267781732175260e-4932F128
#define _LP64 1
#define __UINT8_C(c) c
#define __FLT64_MAX_EXP__ 1024
#define __INT_LEAST32_TYPE__ int
#define __SIZEOF_WCHAR_T__ 4
#define __UINT64_TYPE__ long unsigned int
#define __GNUC_PATCHLEVEL__ 0
#define __FLT128_NORM_MAX__ 1.18973149535723176508575932662800702e+4932F128
#define __FLT64_NORM_MAX__ 1.79769313486231570814527423731704357e+308F64
#define __FLT128_HAS_QUIET_NAN__ 1
#define __INTMAX_MAX__ 0x7fffffffffffffffL
#define __INT_FAST8_TYPE__ signed char
#define __FLT64X_MIN__ 3.36210314311209350626267781732175260e-4932F64x
#define __GNUC_STDC_INLINE__ 1
#define __FLT64_HAS_DENORM__ 1
#define __FLT32_EPSILON__ 1.19209289550781250000000000000000000e-7F32
#define __DBL_DECIMAL_DIG__ 17
#define __STDC_UTF_32__ 1
#define __INT_FAST8_WIDTH__ 8
#define __FXSR__ 1
#define __FLT32X_MAX__ 1.79769313486231570814527423731704357e+308F32x
#define __DBL_NORM_MAX__ ((double)1.79769313486231570814527423731704357e+308L)
#define __BYTE_ORDER__ __ORDER_LITTLE_ENDIAN__
#define __INTMAX_WIDTH__ 64
#define __UINT32_C(c) c ## U
#define __FLT_DENORM_MIN__ 1.40129846432481707092372958328991613e-45F
#define __INT8_MAX__ 0x7f
#define __LONG_WIDTH__ 64
#define __PIC__ 2
#define __UINT_FAST32_TYPE__ long unsigned int
#define __FLT32X_NORM_MAX__ 1.79769313486231570814527423731704357e+308F32x
#define __CHAR32_TYPE__ unsigned int
#define __FLT_MAX__ 3.40282346638528859811704183484516925e+38F
#define __SSE2__ 1
#define __INT32_TYPE__ int
#define __SIZEOF_DOUBLE__ 8
#define __FLT_MIN_10_EXP__ (-37)
#define __FLT64_MIN__ 2.22507385850720138309023271733240406e-308F64
#define __INT_LEAST32_WIDTH__ 32
#define __INTMAX_TYPE__ long int
#define __DEC128_MAX_EXP__ 6145
#define __FLT32X_HAS_QUIET_NAN__ 1
#define __ATOMIC_CONSUME 1
#define __GNUC_MINOR__ 4
#define __INT_FAST16_WIDTH__ 64
#define __UINTMAX_MAX__ 0xffffffffffffffffUL
#define __PIE__ 2
#define __FLT32X_DENORM_MIN__ 4.94065645841246544176568792868221372e-324F32x
#define __DBL_MAX_10_EXP__ 308
#define __LDBL_DENORM_MIN__ 3.64519953188247460252840593361941982e-4951L
#define __INT16_C(c) c
#define __STDC__ 1
#define __PTRDIFF_TYPE__ long int
#define __ATOMIC_SEQ_CST 5
#define __FLT32X_MIN_10_EXP__ (-307)
#define __UINTPTR_TYPE__ long unsigned int
#define __DEC64_SUBNORMAL_MIN__ 0.000000000000001E-383DD
#define __DEC128_MANT_DIG__ 34
#define __LDBL_MIN_10_EXP__ (-4931)
#define __SIZEOF_LONG_LONG__ 8
#define __FLT128_DECIMAL_DIG__ 36
#define __GCC_ATOMIC_LLONG_LOCK_FREE 2
#define __FLT32_HAS_QUIET_NAN__ 1
#define __FLT_DECIMAL_DIG__ 9
#define __UINT_FAST16_MAX__ 0xffffffffffffffffUL
#define __LDBL_NORM_MAX__ 1.18973149535723176502126385303097021e+4932L
#define __GCC_ATOMIC_SHORT_LOCK_FREE 2
#define __UINT_FAST8_TYPE__ unsigned char
#define __ATOMIC_ACQ_REL 4
#define __ATOMIC_RELEASE 3

find program=['ar'] paths=['/home/dm4/cachesim/tools/x86_trace_generator/pin-3.13-98189-g60a6ef199-gcc-linux', '/usr/local/sbin', '/usr/local/bin', '/usr/sbin', '/usr/bin', '/sbin', '/bin', '/usr/games', '/usr/local/games', '/snap/bin', '/snap/bin'] var='AR' -> ['/usr/bin/ar']
/usr/bin/gcc
----------------------------------------
Checking for cc version
11.4.0
----------------------------------------
Checking for 'g++' (C++ compiler)
find program=['g++', 'c++'] paths=['/home/dm4/cachesim/tools/x86_trace_generator/pin-3.13-98189-g60a6ef199-gcc-linux', '/usr/local/sbin', '/usr/local/bin', '/usr/sbin', '/usr/bin', '/sbin', '/bin', '/usr/games', '/usr/local/games', '/snap/bin', '/snap/bin'] var='CXX' -> ['/usr/bin/g++']
['/usr/bin/g++', '-dM', '-E', '-']
out: #define __SSP_STRONG__ 3
#define __DBL_MIN_EXP__ (-1021)
#define __UINT_LEAST16_MAX__ 0xffff
#define __ATOMIC_ACQUIRE 2
#define __FLT128_MAX_10_EXP__ 4932
#define __FLT_MIN__ 1.17549435082228750796873653722224568e-38F
#define __GCC_IEC_559_COMPLEX 2
#define __UINT_LEAST8_TYPE__ unsigned char
#define __SIZEOF_FLOAT80__ 16
#define __INTMAX_C(c) c ## L
#define __CHAR_BIT__ 8
#define __UINT8_MAX__ 0xff
#define __SCHAR_WIDTH__ 8
#define __WINT_MAX__ 0xffffffffU
#define __FLT32_MIN_EXP__ (-125)
#define __ORDER_LITTLE_ENDIAN__ 1234
#define __SIZE_MAX__ 0xffffffffffffffffUL
#define __WCHAR_MAX__ 0x7fffffff
#define __GCC_HAVE_SYNC_COMPARE_AND_SWAP_1 1
#define __GCC_HAVE_SYNC_COMPARE_AND_SWAP_2 1
#define __GCC_HAVE_SYNC_COMPARE_AND_SWAP_4 1
#define __DBL_DENORM_MIN__ ((double)4.94065645841246544176568792868221372e-324L)
#define __GCC_HAVE_SYNC_COMPARE_AND_SWAP_8 1
#define __GCC_ATOMIC_CHAR_LOCK_FREE 2
#define __GCC_IEC_559 2
#define __FLT32X_DECIMAL_DIG__ 17
#define __FLT_EVAL_METHOD__ 0
#define __FLT64_DECIMAL_DIG__ 17
#define __CET__ 3
#define __GCC_ATOMIC_CHAR32_T_LOCK_FREE 2
#define __UINT_FAST64_MAX__ 0xffffffffffffffffUL
#define __SIG_ATOMIC_TYPE__ int
#define __DBL_MIN_10_EXP__ (-307)
#define __FINITE_MATH_ONLY__ 0
#define __FLT32X_MAX_EXP__ 1024
#define __FLT32_HAS_DENORM__ 1
#define __UINT_FAST8_MAX__ 0xff
#define __FLT32_MAX_10_EXP__ 38
#define __DEC64_MAX_EXP__ 385
#define __INT8_C(c) c
#define __INT_LEAST8_WIDTH__ 8
#define __UINT_LEAST64_MAX__ 0xffffffffffffffffUL
#define __SHRT_MAX__ 0x7fff
#define __LDBL_MAX__ 1.18973149535723176502126385303097021e+4932L
#define __FLT64X_MAX_10_EXP__ 4932
#define __LDBL_IS_IEC_60559__ 2
#define __FLT64X_HAS_QUIET_NAN__ 1
#define __UINT_LEAST8_MAX__ 0xff
#define __GCC_ATOMIC_BOOL_LOCK_FREE 2
#define __FLT128_DENORM_MIN__ 6.47517511943802511092443895822764655e-4966F128
#define __UINTMAX_TYPE__ long unsigned int
#define __linux 1
#define __DEC32_EPSILON__ 1E-6DF
#define __FLT_EVAL_METHOD_TS_18661_3__ 0
#define __unix 1
#define __UINT32_MAX__ 0xffffffffU
#define __FLT128_MIN_EXP__ (-16381)
#define __WINT_MIN__ 0U
#define __FLT128_MIN_10_EXP__ (-4931)
#define __FLT32X_IS_IEC_60559__ 2
#define __INT_LEAST16_WIDTH__ 16
#define __SCHAR_MAX__ 0x7f
#define __FLT128_MANT_DIG__ 113
#define __WCHAR_MIN__ (-__WCHAR_MAX__ - 1)
#define __INT64_C(c) c ## L
#define __GCC_ATOMIC_POINTER_LOCK_FREE 2
#define __FLT32X_MANT_DIG__ 53
#define __USER_LABEL_PREFIX__ 
#define __FLT64X_EPSILON__ 1.08420217248550443400745280086994171e-19F64x
#define __STDC_HOSTED__ 1
#define __DEC64_MIN_EXP__ (-382)
#define __DBL_DIG__ 15
#define __FLT32_DIG__ 6
#define __FLT_EPSILON__ 1.19209289550781250000000000000000000e-7F
#define __SHRT_WIDTH__ 16
#define __FLT32_IS_IEC_60559__ 2
#define __LDBL_MIN__ 3.36210314311209350626267781732175260e-4932L
#define __STDC_UTF_16__ 1
#define __DBL_IS_IEC_60559__ 2
#define __DEC32_MAX__ 9.999999E96DF
#define __FLT64X_DENORM_MIN__ 3.64519953188247460252840593361941982e-4951F64x
#define __FLT32X_HAS_INFINITY__ 1
#define __INT32_MAX__ 0x7fffffff
#define __unix__ 1
#define __INT_WIDTH__ 32
#define __SIZEOF_LONG__ 8
#define __STDC_IEC_559__ 1
#define __STDC_ISO_10646__ 201706L
#define __UINT16_C(c) c
#define __DECIMAL_DIG__ 21
#define __STDC_IEC_559_COMPLEX__ 1
#define __FLT64_EPSILON__ 2.22044604925031308084726333618164062e-16F64
#define __gnu_linux__ 1
#define __FLT128_IS_IEC_60559__ 2
#define __FLT64X_MIN_10_EXP__ (-4931)
#define __LDBL_HAS_QUIET_NAN__ 1
#define __FLT64_MANT_DIG__ 53
#define __FLT64X_MANT_DIG__ 64
#define __GNUC__ 11
#define __pie__ 2
#define __MMX__ 1
#define __FLT_HAS_DENORM__ 1
#define __SIZEOF_LONG_DOUBLE__ 16
#define __BIGGEST_ALIGNMENT__ 16
#define __FLT64_MAX_10_EXP__ 308
#define __DBL_MAX__ ((double)1.79769313486231570814527423731704357e+308L)
#define __INT_FAST32_MAX__ 0x7fffffffffffffffL
#define __DBL_HAS_INFINITY__ 1
#define __SIZEOF_FLOAT__ 4
#define __HAVE_SPECULATION_SAFE_VALUE 1
#define __DEC32_MIN_EXP__ (-94)
#define __INTPTR_WIDTH__ 64
#define __FLT64X_HAS_INFINITY__ 1
#define __UINT_LEAST32_MAX__ 0xffffffffU
#define __FLT32X_HAS_DENORM__ 1
#define __INT_FAST16_TYPE__ long int
#define __MMX_WITH_SSE__ 1
#define __LDBL_HAS_DENORM__ 1
#define __FLT128_HAS_INFINITY__ 1
#define __DEC32_MIN__ 1E-95DF
#define __DBL_MAX_EXP__ 1024
#define __WCHAR_WIDTH__ 32
#define __FLT32_MAX__ 3.40282346638528859811704183484516925e+38F32
#define __DEC128_EPSILON__ 1E-33DL
#define __SSE2_MATH__ 1
#define __ATOMIC_HLE_RELEASE 131072
#define __PTRDIFF_MAX__ 0x7fffffffffffffffL
#define __amd64 1
#define __ATOMIC_HLE_ACQUIRE 65536
#define __LONG_LONG_MAX__ 0x7fffffffffffffffLL
#define __SIZEOF_SIZE_T__ 8
#define __FLT64X_MIN_EXP__ (-16381)
#define __SIZEOF_WINT_T__ 4
#define __LONG_LONG_WIDTH__ 64
#define __FLT32_MAX_EXP__ 128
#define __GXX_ABI_VERSION 1016
#define __FLT_MIN_EXP__ (-125)
#define __GCC_HAVE_DWARF2_CFI_ASM 1
#define __INT16_MAX__ 0x7fff
#define __x86_64 1
#define __INT_FAST64_TYPE__ long int
#define __FLT64_DENORM_MIN__ 4.94065645841246544176568792868221372e-324F64
#define __DBL_MIN__ ((double)2.22507385850720138309023271733240406e-308L)
#define __FLT128_EPSILON__ 1.92592994438723585305597794258492732e-34F128
#define __FLT64X_NORM_MAX__ 1.18973149535723176502126385303097021e+4932F64x
#define __SIZEOF_POINTER__ 8
#define __LP64__ 1
#define __DBL_HAS_QUIET_NAN__ 1
#define __FLT32X_EPSILON__ 2.22044604925031308084726333618164062e-16F32x
#define __DECIMAL_BID_FORMAT__ 1
#define __FLT64_MIN_EXP__ (-1021)
#define __FLT64_MIN_10_EXP__ (-307)
#define __FLT64X_DECIMAL_DIG__ 21
#define __DEC128_MIN__ 1E-6143DL
#define __REGISTER_PREFIX__ 
#define __UINT16_MAX__ 0xffff
#define __DBL_HAS_DENORM__ 1
#define __LDBL_HAS_INFINITY__ 1
#define __FLT32_MIN__ 1.17549435082228750796873653722224568e-38F32
#define __UINT8_TYPE__ unsigned char
#define __FLT_DIG__ 6
#define __NO_INLINE__ 1
#define __DEC_EVAL_METHOD__ 2
#define __DEC128_MAX__ 9.999999999999999999999999999999999E6144DL
#define __FLT_MANT_DIG__ 24
#define __LDBL_DECIMAL_DIG__ 21
#define __VERSION__ "11.4.0"
#define __UINT64_C(c) c ## UL
#define _STDC_PREDEF_H 1
#define __INT_LEAST32_MAX__ 0x7fffffff
#define __GCC_ATOMIC_INT_LOCK_FREE 2
#define __FLT128_MAX_EXP__ 16384
#define __FLT32_MANT_DIG__ 24
#define __FLOAT_WORD_ORDER__ __ORDER_LITTLE_ENDIAN__
#define __STDC_IEC_60559_COMPLEX__ 201404L
#define __FLT128_HAS_DENORM__ 1
#define __FLT32_DECIMAL_DIG__ 9
#define __FLT128_DIG__ 33
#define __INT32_C(c) c
#define __DEC64_EPSILON__ 1E-15DD
#define __ORDER_PDP_ENDIAN__ 3412
#define __DEC128_MIN_EXP__ (-6142)
#define __INT_FAST32_TYPE__ long int
#define __UINT_LEAST16_TYPE__ short unsigned int
#define unix 1
#define __SIZE_TYPE__ long unsigned int
#define __UINT64_MAX__ 0xffffffffffffffffUL
#define __FLT_IS_IEC_60559__ 2
#define __GNUC_WIDE_EXECUTION_CHARSET_NAME "UTF-32LE"
#define __FLT64X_DIG__ 18
#define __INT8_TYPE__ signed char
#define __ELF__ 1
#define __GCC_ASM_FLAG_OUTPUTS__ 1
#define __UINT32_TYPE__ unsigned int
#define __FLT_RADIX__ 2
#define __INT_LEAST16_TYPE__ short int
#define __LDBL_EPSILON__ 1.08420217248550443400745280086994171e-19L
#define __UINTMAX_C(c) c ## UL
#define __SSE_MATH__ 1
#define __k8 1
#define __FLT32X_MIN__ 2.22507385850720138309023271733240406e-308F32x
#define __SIG_ATOMIC_MAX__ 0x7fffffff
#define __GCC_ATOMIC_WCHAR_T_LOCK_FREE 2
#define __STDC_IEC_60559_BFP__ 201404L
#define __SIZEOF_PTRDIFF_T__ 8
#define __LDBL_DIG__ 18
#define __FLT64_IS_IEC_60559__ 2
#define __x86_64__ 1
#define __FLT32X_MIN_EXP__ (-1021)
#define __DEC32_SUBNORMAL_MIN__ 0.000001E-95DF
#define __INT_FAST16_MAX__ 0x7fffffffffffffffL
#define __FLT64_DIG__ 15
#define __UINT_FAST32_MAX__ 0xffffffffffffffffUL
#define __UINT_LEAST64_TYPE__ long unsigned int
#define __FLT_HAS_QUIET_NAN__ 1
#define __FLT_MAX_10_EXP__ 38
#define __LONG_MAX__ 0x7fffffffffffffffL
#define __FLT64X_HAS_DENORM__ 1
#define __DEC128_SUBNORMAL_MIN__ 0.000000000000000000000000000000001E-6143DL
#define __FLT_HAS_INFINITY__ 1
#define __GNUC_EXECUTION_CHARSET_NAME "UTF-8"
#define __UINT_FAST16_TYPE__ long unsigned int
#define __DEC64_MAX__ 9.999999999999999E384DD
#define __INT_FAST32_WIDTH__ 64
#define __CHAR16_TYPE__ short unsigned int
#define __PRAGMA_REDEFINE_EXTNAME 1
#define __SIZE_WIDTH__ 64
#define __SEG_FS 1
#define __INT_LEAST16_MAX__ 0x7fff
#define __DEC64_MANT_DIG__ 16
#define __INT64_MAX__ 0x7fffffffffffffffL
#define __SEG_GS 1
#define __FLT32_DENORM_MIN__ 1.40129846432481707092372958328991613e-45F32
#define __SIG_ATOMIC_WIDTH__ 32
#define __INT_LEAST64_TYPE__ long int
#define __INT16_TYPE__ short int
#define __INT_LEAST8_TYPE__ signed char
#define __STDC_VERSION__ 201710L
#define __SIZEOF_INT__ 4
#define __DEC32_MAX_EXP__ 97
#define __INT_FAST8_MAX__ 0x7f
#define __FLT128_MAX__ 1.18973149535723176508575932662800702e+4932F128
#define __INTPTR_MAX__ 0x7fffffffffffffffL
#define linux 1
#define __FLT64_HAS_QUIET_NAN__ 1
#define __FLT32_MIN_10_EXP__ (-37)
#define __FLT32X_DIG__ 15
#define __PTRDIFF_WIDTH__ 64
#define __LDBL_MANT_DIG__ 64
#define __FLT64_HAS_INFINITY__ 1
#define __FLT64X_MAX__ 1.18973149535723176502126385303097021e+4932F64x
#define __SIG_ATOMIC_MIN__ (-__SIG_ATOMIC_MAX__ - 1)
#define __code_model_small__ 1
#define __GCC_ATOMIC_LONG_LOCK_FREE 2
#define __DEC32_MANT_DIG__ 7
#define __k8__ 1
#define __INTPTR_TYPE__ long int
#define __UINT16_TYPE__ short unsigned int
#define __WCHAR_TYPE__ int
#define __pic__ 2
#define __UINTPTR_MAX__ 0xffffffffffffffffUL
#define __INT_FAST64_WIDTH__ 64
#define __INT_FAST64_MAX__ 0x7fffffffffffffffL
#define __GCC_ATOMIC_TEST_AND_SET_TRUEVAL 1
#define __FLT_NORM_MAX__ 3.40282346638528859811704183484516925e+38F
#define __FLT32_HAS_INFINITY__ 1
#define __FLT64X_MAX_EXP__ 16384
#define __UINT_FAST64_TYPE__ long unsigned int
#define __INT_MAX__ 0x7fffffff
#define __linux__ 1
#define __INT64_TYPE__ long int
#define __FLT_MAX_EXP__ 128
#define __ORDER_BIG_ENDIAN__ 4321
#define __DBL_MANT_DIG__ 53
#define __SIZEOF_FLOAT128__ 16
#define __INT_LEAST64_MAX__ 0x7fffffffffffffffL
#define __GCC_ATOMIC_CHAR16_T_LOCK_FREE 2
#define __DEC64_MIN__ 1E-383DD
#define __WINT_TYPE__ unsigned int
#define __UINT_LEAST32_TYPE__ unsigned int
#define __SIZEOF_SHORT__ 2
#define __FLT32_NORM_MAX__ 3.40282346638528859811704183484516925e+38F32
#define __SSE__ 1
#define __LDBL_MIN_EXP__ (-16381)
#define __FLT64_MAX__ 1.79769313486231570814527423731704357e+308F64
#define __amd64__ 1
#define __WINT_WIDTH__ 32
#define __INT_LEAST8_MAX__ 0x7f
#define __INT_LEAST64_WIDTH__ 64
#define __LDBL_MAX_EXP__ 16384
#define __FLT32X_MAX_10_EXP__ 308
#define __SIZEOF_INT128__ 16
#define __FLT64X_IS_IEC_60559__ 2
#define __LDBL_MAX_10_EXP__ 4932
#define __ATOMIC_RELAXED 0
#define __DBL_EPSILON__ ((double)2.22044604925031308084726333618164062e-16L)
#define __FLT128_MIN__ 3.36210314311209350626267781732175260e-4932F128
#define _LP64 1
#define __UINT8_C(c) c
#define __FLT64_MAX_EXP__ 1024
#define __INT_LEAST32_TYPE__ int
#define __SIZEOF_WCHAR_T__ 4
#define __UINT64_TYPE__ long unsigned int
#define __GNUC_PATCHLEVEL__ 0
#define __FLT128_NORM_MAX__ 1.18973149535723176508575932662800702e+4932F128
#define __FLT64_NORM_MAX__ 1.79769313486231570814527423731704357e+308F64
#define __FLT128_HAS_QUIET_NAN__ 1
#define __INTMAX_MAX__ 0x7fffffffffffffffL
#define __INT_FAST8_TYPE__ signed char
#define __FLT64X_MIN__ 3.36210314311209350626267781732175260e-4932F64x
#define __GNUC_STDC_INLINE__ 1
#define __FLT64_HAS_DENORM__ 1
#define __FLT32_EPSILON__ 1.19209289550781250000000000000000000e-7F32
#define __DBL_DECIMAL_DIG__ 17
#define __STDC_UTF_32__ 1
#define __INT_FAST8_WIDTH__ 8
#define __FXSR__ 1
#define __FLT32X_MAX__ 1.79769313486231570814527423731704357e+308F32x
#define __DBL_NORM_MAX__ ((double)1.79769313486231570814527423731704357e+308L)
#define __BYTE_ORDER__ __ORDER_LITTLE_ENDIAN__
#define __INTMAX_WIDTH__ 64
#define __UINT32_C(c) c ## U
#define __FLT_DENORM_MIN__ 1.40129846432481707092372958328991613e-45F
#define __INT8_MAX__ 0x7f
#define __LONG_WIDTH__ 64
#define __PIC__ 2
#define __UINT_FAST32_TYPE__ long unsigned int
#define __FLT32X_NORM_MAX__ 1.79769313486231570814527423731704357e+308F32x
#define __CHAR32_TYPE__ unsigned int
#define __FLT_MAX__ 3.40282346638528859811704183484516925e+38F
#define __SSE2__ 1
#define __INT32_TYPE__ int
#define __SIZEOF_DOUBLE__ 8
#define __FLT_MIN_10_EXP__ (-37)
#define __FLT64_MIN__ 2.22507385850720138309023271733240406e-308F64
#define __INT_LEAST32_WIDTH__ 32
#define __INTMAX_TYPE__ long int
#define __DEC128_MAX_EXP__ 6145
#define __FLT32X_HAS_QUIET_NAN__ 1
#define __ATOMIC_CONSUME 1
#define __GNUC_MINOR__ 4
#define __INT_FAST16_WIDTH__ 64
#define __UINTMAX_MAX__ 0xffffffffffffffffUL
#define __PIE__ 2
#define __FLT32X_DENORM_MIN__ 4.94065645841246544176568792868221372e-324F32x
#define __DBL_MAX_10_EXP__ 308
#define __LDBL_DENORM_MIN__ 3.64519953188247460252840593361941982e-4951L
#define __INT16_C(c) c
#define __STDC__ 1
#define __PTRDIFF_TYPE__ long int
#define __ATOMIC_SEQ_CST 5
#define __FLT32X_MIN_10_EXP__ (-307)
#define __UINTPTR_TYPE__ long unsigned int
#define __DEC64_SUBNORMAL_MIN__ 0.000000000000001E-383DD
#define __DEC128_MANT_DIG__ 34
#define __LDBL_MIN_10_EXP__ (-4931)
#define __SIZEOF_LONG_LONG__ 8
#define __FLT128_DECIMAL_DIG__ 36
#define __GCC_ATOMIC_LLONG_LOCK_FREE 2
#define __FLT32_HAS_QUIET_NAN__ 1
#define __FLT_DECIMAL_DIG__ 9
#define __UINT_FAST16_MAX__ 0xffffffffffffffffUL
#define __LDBL_NORM_MAX__ 1.18973149535723176502126385303097021e+4932L
#define __GCC_ATOMIC_SHORT_LOCK_FREE 2
#define __UINT_FAST8_TYPE__ unsigned char
#define __ATOMIC_ACQ_REL 4
#define __ATOMIC_RELEASE 3

find program=['ar'] paths=['/home/dm4/cachesim/tools/x86_trace_generator/pin-3.13-98189-g60a6ef199-gcc-linux', '/usr/local/sbin', '/usr/local/bin', '/usr/sbin', '/usr/bin', '/sbin', '/bin', '/usr/games', '/usr/local/games', '/snap/bin', '/snap/bin'] var='AR' -> ['/usr/bin/ar']
/usr/bin/g++
------------------------------------------------------
Checking for compilation flag -Wl,--soname=foo support
==>
int main() { return 0; }
<==
[1/1] Compiling build/.conf_check_92724e97d2a8131cdbabec48e168cdc4/test.cpp

['/usr/bin/g++', '-O0', '-ggdb', '-g3', '-Wall', '-Wl,--soname=foo', '-DNS3_BUILD_PROFILE_DEBUG', '-DNS3_ASSERT_ENABLE', '-DNS3_LOG_ENABLE', '../test.cpp', '-c', '-o/home/dm4/cachesim/build/.conf_check_92724e97d2a8131cdbabec48e168cdc4/testbuild/test.cpp.1.o']
ok
------------------------------------------------------
Checking for compilation flag -std=c++11 support
==>
int main() { return 0; }
<==
[1/1] Compiling build/.conf_check_92724e97d2a8131cdbabec48e168cdc4/test.cpp

['/usr/bin/g++', '-O0', '-ggdb', '-g3', '-Wall', '-std=c++11', '-DNS3_BUILD_PROFILE_DEBUG', '-DNS3_ASSERT_ENABLE', '-DNS3_LOG_ENABLE', '../test.cpp', '-c', '-o/home/dm4/cachesim/build/.conf_check_92724e97d2a8131cdbabec48e168cdc4/testbuild/test.cpp.1.o']
ok
------------------------------------------------------
Checking boost includes
headers not found, please provide a --boost-includes argument (see help)
from /home/dm4/cachesim: The configuration failed
------------------------------------------------------
Checking boost includes
headers not found, please provide a --boost-includes argument (see help)
from /home/dm4/cachesim: The configuration failed
------------------------------------------------------
Checking for program 'python'
/usr/bin/python3
find program=['python'] paths=['/home/dm4/cachesim/tools/x86_trace_generator/pin-3.13-98189-g60a6ef199-gcc-linux', '/usr/local/sbin', '/usr/local/bin', '/usr/sbin', '/usr/bin', '/sbin', '/bin', '/usr/games', '/usr/local/games', '/snap/bin', '/snap/bin'] var='PYTHON' -> ['/usr/bin/python3']
['/usr/bin/python3', '-c', 'import imp;print(imp.get_tag())']
out: cpython-310

err: <string>:1: DeprecationWarning: the imp module is deprecated in favour of importlib and slated for removal in Python 3.12; see the module's documentation for alternative uses

['/usr/bin/python3', '-c', 'import sys\nfor x in sys.version_info: print(str(x))']
out: 3
10
12
final
0

['/usr/bin/python3', '-c', "from distutils.sysconfig import get_config_var, get_python_lib\n\nprint(repr(get_python_lib(standard_lib=0, prefix='/usr/local') or ''))"]
err: <string>:1: DeprecationWarning: The distutils package is deprecated and slated for removal in Python 3.12. Use setuptools or check PEP 632 for potential alternatives
Traceback (most recent call last):
  File "<string>", line 1, in <module>
ModuleNotFoundError: No module named 'distutils.sysconfig'

from /home/dm4/cachesim/bindings/python: The distutils module is unusable: install "python-devel"?
------------------------------------------------------
checking for uint128_t
==>

        #include <stdint.h>
        
        int main(int argc, char **argv) {
	(void)argc; (void)argv;
	if ((uint128_t *) 0) return 0;
	if (sizeof (uint128_t)) return 0;
	return 1;
        }
        
<==
[1/2] Compiling build/.conf_check_facce93b27c0b28e5964dbe835d44fd5/test.cpp

['/usr/bin/g++', '-O0', '-ggdb', '-g3', '-Wall', '-std=c++11', '-DNS3_BUILD_PROFILE_DEBUG', '-DNS3_ASSERT_ENABLE', '-DNS3_LOG_ENABLE', '../test.cpp', '-c', '-o/home/dm4/cachesim/build/.conf_check_facce93b27c0b28e5964dbe835d44fd5/testbuild/test.cpp.1.o']
err: ../test.cpp: In function ‘int main(int, char**)’:
../test.cpp:6:14: error: ‘uint128_t’ was not declared in this scope; did you mean ‘uint8_t’?
    6 |         if ((uint128_t *) 0) return 0;
      |              ^~~~~~~~~
      |              uint8_t
../test.cpp:6:25: error: expected primary-expression before ‘)’ token
    6 |         if ((uint128_t *) 0) return 0;
      |                         ^
../test.cpp:6:26: error: expected ‘)’ before numeric constant
    6 |         if ((uint128_t *) 0) return 0;
      |            ~             ^~
      |                          )
../test.cpp:7:21: error: ‘uint128_t’ was not declared in this scope; did you mean ‘uint8_t’?
    7 |         if (sizeof (uint128_t)) return 0;
      |                     ^~~~~~~~~
      |                     uint8_t

from /home/dm4/cachesim/src/core: Test does not build: Traceback (most recent call last):
  File "/home/dm4/cachesim/.waf3-2.0.18-ff4ae9f5cc05353d3dc3aeff8854ae69/waflib/Configure.py", line 333, in run_build
    bld.compile()
  File "/home/dm4/cachesim/.waf3-2.0.18-ff4ae9f5cc05353d3dc3aeff8854ae69/waflib/Build.py", line 176, in compile
    raise Errors.BuildError(self.producer.error)
waflib.Errors.BuildError: Build failed
 -> task in 'testprog' failed with exit status 1 (run with -v to display more information)

not found
from /home/dm4/cachesim/src/core: The configuration failed
------------------------------------------------------
checking for __uint128_t
==>

        #include <stdint.h>
        
        int main(int argc, char **argv) {
	(void)argc; (void)argv;
	if ((__uint128_t *) 0) return 0;
	if (sizeof (__uint128_t)) return 0;
	return 1;
        }
        
<==
[1/2] Compiling build/.conf_check_b56575a1cf831cd90b0428197c1674e0/test.cpp

['/usr/bin/g++', '-O0', '-ggdb', '-g3', '-Wall', '-std=c++11', '-DNS3_BUILD_PROFILE_DEBUG', '-DNS3_ASSERT_ENABLE', '-DNS3_LOG_ENABLE', '../test.cpp', '-c', '-o/home/dm4/cachesim/build/.conf_check_b56575a1cf831cd90b0428197c1674e0/testbuild/test.cpp.1.o']
[2/2] Linking build/.conf_check_b56575a1cf831cd90b0428197c1674e0/testbuild/testprog

['/usr/bin/g++', 'test.cpp.1.o', '-o/home/dm4/cachesim/build/.conf_check_b56575a1cf831cd90b0428197c1674e0/testbuild/testprog', '-Wl,-Bstatic', '-Wl,-Bdynamic']
yes
------------------------------------------------------
Checking high precision implementation
128-bit integer (default)
------------------------------------------------------
Checking for header stdint.h
==>
#include <stdint.h>

int main(int argc, char **argv) {
	(void)argc; (void)argv;
	return 0;
}

<==
[1/2] Compiling build/.conf_check_87dc75f4d5a4d81d3de89ccc66d2f410/test.cpp

['/usr/bin/g++', '-O0', '-ggdb', '-g3', '-Wall', '-std=c++11', '-DNS3_BUILD_PROFILE_DEBUG', '-DNS3_ASSERT_ENABLE', '-DNS3_LOG_ENABLE', '-DHAVE___UINT128_T=1', '-DINT64X64_USE_128=1', '../test.cpp', '-c', '-o/home/dm4/cachesim/build/.conf_check_87dc75f4d5a4d81d3de89ccc66d2f410/testbuild/test.cpp.1.o']
[2/2] Linking build/.conf_check_87dc75f4d5a4d81d3de89ccc66d2f410/testbuild/testprog

['/usr/bin/g++', 'test.cpp.1.o', '-o/home/dm4/cachesim/build/.conf_check_87dc75f4d5a4d81d3de89ccc66d2f410/testbuild/testprog', '-Wl,-Bstatic', '-Wl,-Bdynamic']
yes
------------------------------------------------------
Checking for header inttypes.h
==>
#include <inttypes.h>

int main(int argc, char **argv) {
	(void)argc; (void)argv;
	return 0;
}

<==
[1/2] Compiling build/.conf_check_71902e4db1e1fb33866f0d1c21c77ee8/test.cpp

['/usr/bin/g++', '-O0', '-ggdb', '-g3', '-Wall', '-std=c++11', '-DNS3_BUILD_PROFILE_DEBUG', '-DNS3_ASSERT_ENABLE', '-DNS3_LOG_ENABLE', '-DHAVE___UINT128_T=1', '-DINT64X64_USE_128=1', '-DHAVE_STDINT_H=1', '../test.cpp', '-c', '-o/home/dm4/cachesim/build/.conf_check_71902e4db1e1fb33866f0d1c21c77ee8/testbuild/test.cpp.1.o']
[2/2] Linking build/.conf_check_71902e4db1e1fb33866f0d1c21c77ee8/testbuild/testprog

['/usr/bin/g++', 'test.cpp.1.o', '-o/home/dm4/cachesim/build/.conf_check_71902e4db1e1fb33866f0d1c21c77ee8/testbuild/testprog', '-Wl,-Bstatic', '-Wl,-Bdynamic']
yes
------------------------------------------------------
Checking for header sys/inttypes.h
==>
#include <sys/inttypes.h>

int main(int argc, char **argv) {
	(void)argc; (void)argv;
	return 0;
}

<==
[1/2] Compiling build/.conf_check_ab3a88ef84bcf481a1b44e59b9acea7f/test.cpp

['/usr/bin/g++', '-O0', '-ggdb', '-g3', '-Wall', '-std=c++11', '-DNS3_BUILD_PROFILE_DEBUG', '-DNS3_ASSERT_ENABLE', '-DNS3_LOG_ENABLE', '-DHAVE___UINT128_T=1', '-DINT64X64_USE_128=1', '-DHAVE_STDINT_H=1', '-DHAVE_INTTYPES_H=1', '../test.cpp', '-c', '-o/home/dm4/cachesim/build/.conf_check_ab3a88ef84bcf481a1b44e59b9acea7f/testbuild/test.cpp.1.o']
err: ../test.cpp:1:10: fatal error: sys/inttypes.h: No such file or directory
    1 | #include <sys/inttypes.h>
      |          ^~~~~~~~~~~~~~~~
compilation terminated.

from /home/dm4/cachesim/src/core: Test does not build: Traceback (most recent call last):
  File "/home/dm4/cachesim/.waf3-2.0.18-ff4ae9f5cc05353d3dc3aeff8854ae69/waflib/Configure.py", line 333, in run_build
    bld.compile()
  File "/home/dm4/cachesim/.waf3-2.0.18-ff4ae9f5cc05353d3dc3aeff8854ae69/waflib/Build.py", line 176, in compile
    raise Errors.BuildError(self.producer.error)
waflib.Errors.BuildError: Build failed
 -> task in 'testprog' failed with exit status 1 (run with -v to display more information)

not found
from /home/dm4/cachesim/src/core: The configuration failed
------------------------------------------------------
Checking for header sys/types.h
==>
#include <sys/types.h>

int main(int argc, char **argv) {
	(void)argc; (void)argv;
	return 0;
}

<==
[1/2] Compiling build/.conf_check_a1f5eb99781ed72d6f7c486a9233dce5/test.cpp

['/usr/bin/g++', '-O0', '-ggdb', '-g3', '-Wall', '-std=c++11', '-DNS3_BUILD_PROFILE_DEBUG', '-DNS3_ASSERT_ENABLE', '-DNS3_LOG_ENABLE', '-DHAVE___UINT128_T=1', '-DINT64X64_USE_128=1', '-DHAVE_STDINT_H=1', '-DHAVE_INTTYPES_H=1', '../test.cpp', '-c', '-o/home/dm4/cachesim/build/.conf_check_a1f5eb99781ed72d6f7c486a9233dce5/testbuild/test.cpp.1.o']
[2/2] Linking build/.conf_check_a1f5eb99781ed72d6f7c486a9233dce5/testbuild/testprog

['/usr/bin/g++', 'test.cpp.1.o', '-o/home/dm4/cachesim/build/.conf_check_a1f5eb99781ed72d6f7c486a9233dce5/testbuild/testprog', '-Wl,-Bstatic', '-Wl,-Bdynamic']
yes
------------------------------------------------------
Checking for header sys/stat.h
==>
#include <sys/stat.h>

int main(int argc, char **argv) {
	(void)argc; (void)argv;
	return 0;
}

<==
[1/2] Compiling build/.conf_check_df624e4ac3a4507c87a576ef6f3a3e18/test.cpp

['/usr/bin/g++', '-O0', '-ggdb', '-g3', '-Wall', '-std=c++11', '-DNS3_BUILD_PROFILE_DEBUG', '-DNS3_ASSERT_ENABLE', '-DNS3_LOG_ENABLE', '-DHAVE___UINT128_T=1', '-DINT64X64_USE_128=1', '-DHAVE_STDINT_H=1', '-DHAVE_INTTYPES_H=1', '-DHAVE_SYS_TYPES_H=1', '../test.cpp', '-c', '-o/home/dm4/cachesim/build/.conf_check_df624e4ac3a4507c87a576ef6f3a3e18/testbuild/test.cpp.1.o']
[2/2] Linking build/.conf_check_df624e4ac3a4507c87a576ef6f3a3e18/testbuild/testprog

['/usr/bin/g++', 'test.cpp.1.o', '-o/home/dm4/cachesim/build/.conf_check_df624e4ac3a4507c87a576ef6f3a3e18/testbuild/testprog', '-Wl,-Bstatic', '-Wl,-Bdynamic']
yes
------------------------------------------------------
Checking for header dirent.h
==>
#include <dirent.h>

int main(int argc, char **argv) {
	(void)argc; (void)argv;
	return 0;
}

<==
[1/2] Compiling build/.conf_check_b1c5fd3b060471dcecfecbeb771fc0d1/test.cpp

['/usr/bin/g++', '-O0', '-ggdb', '-g3', '-Wall', '-std=c++11', '-DNS3_BUILD_PROFILE_DEBUG', '-DNS3_ASSERT_ENABLE', '-DNS3_LOG_ENABLE', '-DHAVE___UINT128_T=1', '-DINT64X64_USE_128=1', '-DHAVE_STDINT_H=1', '-DHAVE_INTTYPES_H=1', '-DHAVE_SYS_TYPES_H=1', '-DHAVE_SYS_STAT_H=1', '../test.cpp', '-c', '-o/home/dm4/cachesim/build/.conf_check_b1c5fd3b060471dcecfecbeb771fc0d1/testbuild/test.cpp.1.o']
[2/2] Linking build/.conf_check_b1c5fd3b060471dcecfecbeb771fc0d1/testbuild/testprog

['/usr/bin/g++', 'test.cpp.1.o', '-o/home/dm4/cachesim/build/.conf_check_b1c5fd3b060471dcecfecbeb771fc0d1/testbuild/testprog', '-Wl,-Bstatic', '-Wl,-Bdynamic']
yes
------------------------------------------------------
Checking for header stdlib.h
==>
#include <stdlib.h>

int main(int argc, char **argv) {
	(void)argc; (void)argv;
	return 0;
}

<==
[1/2] Compiling build/.conf_check_d5daedb867ba66fc80d74a2aecccd048/test.cpp

['/usr/bin/g++', '-O0', '-ggdb', '-g3', '-Wall', '-std=c++11', '-DNS3_BUILD_PROFILE_DEBUG', '-DNS3_ASSERT_ENABLE', '-DNS3_LOG_ENABLE', '-DHAVE___UINT128_T=1', '-DINT64X64_USE_128=1', '-DHAVE_STDINT_H=1', '-DHAVE_INTTYPES_H=1', '-DHAVE_SYS_TYPES_H=1', '-DHAVE_SYS_STAT_H=1', '-DHAVE_DIRENT_H=1', '../test.cpp', '-c', '-o/home/dm4/cachesim/build/.conf_check_d5daedb867ba66fc80d74a2aecccd048/testbuild/test.cpp.1.o']
[2/2] Linking build/.conf_check_d5daedb867ba66fc80d74a2aecccd048/testbuild/testprog

['/usr/bin/g++', 'test.cpp.1.o', '-o/home/dm4/cachesim/build/.conf_check_d5daedb867ba66fc80d74a2aecccd048/testbuild/testprog', '-Wl,-Bstatic', '-Wl,-Bdynamic']
yes
------------------------------------------------------
Checking for header signal.h
==>
#include <signal.h>

int main(int argc, char **argv) {
	(void)argc; (void)argv;
	return 0;
}

<==
[1/2] Compiling build/.conf_check_6f58fe0695dffc1ac60ac25f8cc70c24/test.cpp

['/usr/bin/g++', '-O0', '-ggdb', '-g3', '-Wall', '-std=c++11', '-DNS3_BUILD_PROFILE_DEBUG', '-DNS3_ASSERT_ENABLE', '-DNS3_LOG_ENABLE', '-DHAVE___UINT128_T=1', '-DINT64X64_USE_128=1', '-DHAVE_STDINT_H=1', '-DHAVE_INTTYPES_H=1', '-DHAVE_SYS_TYPES_H=1', '-DHAVE_SYS_STAT_H=1', '-DHAVE_DIRENT_H=1', '-DHAVE_STDLIB_H=1', '-DHAVE_GETENV=1', '../test.cpp', '-c', '-o/home/dm4/cachesim/build/.conf_check_6f58fe0695dffc1ac60ac25f8cc70c24/testbuild/test.cpp.1.o']
[2/2] Linking build/.conf_check_6f58fe0695dffc1ac60ac25f8cc70c24/testbuild/testprog

['/usr/bin/g++', 'test.cpp.1.o', '-o/home/dm4/cachesim/build/.conf_check_6f58fe0695dffc1ac60ac25f8cc70c24/testbuild/testprog', '-Wl,-Bstatic', '-Wl,-Bdynamic']
yes
------------------------------------------------------
Checking for header pthread.h
==>

#include <pthread.h>
int main ()
{
   pthread_mutex_t m;
   pthread_mutex_init (&m, NULL);
   return 0;
}

<==
[1/2] Compiling build/.conf_check_f7c0fffd93df9fe1a80ff12c0ddf12dd/test.cpp

['/usr/bin/g++', '-O0', '-ggdb', '-g3', '-Wall', '-std=c++11', '-pthread', '-DNS3_BUILD_PROFILE_DEBUG', '-DNS3_ASSERT_ENABLE', '-DNS3_LOG_ENABLE', '-DHAVE___UINT128_T=1', '-DINT64X64_USE_128=1', '-DHAVE_STDINT_H=1', '-DHAVE_INTTYPES_H=1', '-DHAVE_SYS_TYPES_H=1', '-DHAVE_SYS_STAT_H=1', '-DHAVE_DIRENT_H=1', '-DHAVE_STDLIB_H=1', '-DHAVE_GETENV=1', '-DHAVE_SIGNAL_H=1', '../test.cpp', '-c', '-o/home/dm4/cachesim/build/.conf_check_f7c0fffd93df9fe1a80ff12c0ddf12dd/testbuild/test.cpp.1.o']
[2/2] Linking build/.conf_check_f7c0fffd93df9fe1a80ff12c0ddf12dd/testbuild/testprog

['/usr/bin/g++', '-pthread', 'test.cpp.1.o', '-o/home/dm4/cachesim/build/.conf_check_f7c0fffd93df9fe1a80ff12c0ddf12dd/testbuild/testprog', '-Wl,-Bstatic', '-Wl,-Bdynamic']
yes
------------------------------------------------------
Checking for header stdint.h
==>
#include <stdint.h>

int main(int argc, char **argv) {
	(void)argc; (void)argv;
	return 0;
}

<==
[1/2] Compiling build/.conf_check_87dc75f4d5a4d81d3de89ccc66d2f410/test.cpp

['/usr/bin/g++', '-O0', '-ggdb', '-g3', '-Wall', '-std=c++11', '-DNS3_BUILD_PROFILE_DEBUG', '-DNS3_ASSERT_ENABLE', '-DNS3_LOG_ENABLE', '-DHAVE___UINT128_T=1', '-DINT64X64_USE_128=1', '-DHAVE_INTTYPES_H=1', '-DHAVE_SYS_TYPES_H=1', '-DHAVE_SYS_STAT_H=1', '-DHAVE_DIRENT_H=1', '-DHAVE_STDLIB_H=1', '-DHAVE_GETENV=1', '-DHAVE_SIGNAL_H=1', '-DHAVE_PTHREAD_H=1', '../test.cpp', '-c', '-o/home/dm4/cachesim/build/.conf_check_87dc75f4d5a4d81d3de89ccc66d2f410/testbuild/test.cpp.1.o']
[2/2] Linking build/.conf_check_87dc75f4d5a4d81d3de89ccc66d2f410/testbuild/testprog

['/usr/bin/g++', 'test.cpp.1.o', '-o/home/dm4/cachesim/build/.conf_check_87dc75f4d5a4d81d3de89ccc66d2f410/testbuild/testprog', '-Wl,-Bstatic', '-Wl,-Bdynamic']
yes
------------------------------------------------------
Checking for header inttypes.h
==>
#include <inttypes.h>

int main(int argc, char **argv) {
	(void)argc; (void)argv;
	return 0;
}

<==
[1/2] Compiling build/.conf_check_71902e4db1e1fb33866f0d1c21c77ee8/test.cpp

['/usr/bin/g++', '-O0', '-ggdb', '-g3', '-Wall', '-std=c++11', '-DNS3_BUILD_PROFILE_DEBUG', '-DNS3_ASSERT_ENABLE', '-DNS3_LOG_ENABLE', '-DHAVE___UINT128_T=1', '-DINT64X64_USE_128=1', '-DHAVE_SYS_TYPES_H=1', '-DHAVE_SYS_STAT_H=1', '-DHAVE_DIRENT_H=1', '-DHAVE_STDLIB_H=1', '-DHAVE_GETENV=1', '-DHAVE_SIGNAL_H=1', '-DHAVE_PTHREAD_H=1', '-DHAVE_STDINT_H=1', '../test.cpp', '-c', '-o/home/dm4/cachesim/build/.conf_check_71902e4db1e1fb33866f0d1c21c77ee8/testbuild/test.cpp.1.o']
[2/2] Linking build/.conf_check_71902e4db1e1fb33866f0d1c21c77ee8/testbuild/testprog

['/usr/bin/g++', 'test.cpp.1.o', '-o/home/dm4/cachesim/build/.conf_check_71902e4db1e1fb33866f0d1c21c77ee8/testbuild/testprog', '-Wl,-Bstatic', '-Wl,-Bdynamic']
yes
------------------------------------------------------
Checking for header sys/inttypes.h
==>
#include <sys/inttypes.h>

int main(int argc, char **argv) {
	(void)argc; (void)argv;
	return 0;
}

<==
[1/2] Compiling build/.conf_check_ab3a88ef84bcf481a1b44e59b9acea7f/test.cpp

['/usr/bin/g++', '-O0', '-ggdb', '-g3', '-Wall', '-std=c++11', '-DNS3_BUILD_PROFILE_DEBUG', '-DNS3_ASSERT_ENABLE', '-DNS3_LOG_ENABLE', '-DHAVE___UINT128_T=1', '-DINT64X64_USE_128=1', '-DHAVE_SYS_TYPES_H=1', '-DHAVE_SYS_STAT_H=1', '-DHAVE_DIRENT_H=1', '-DHAVE_STDLIB_H=1', '-DHAVE_GETENV=1', '-DHAVE_SIGNAL_H=1', '-DHAVE_PTHREAD_H=1', '-DHAVE_STDINT_H=1', '-DHAVE_INTTYPES_H=1', '../test.cpp', '-c', '-o/home/dm4/cachesim/build/.conf_check_ab3a88ef84bcf481a1b44e59b9acea7f/testbuild/test.cpp.1.o']
err: ../test.cpp:1:10: fatal error: sys/inttypes.h: No such file or directory
    1 | #include <sys/inttypes.h>
      |          ^~~~~~~~~~~~~~~~
compilation terminated.

from /home/dm4/cachesim/src/core: Test does not build: Traceback (most recent call last):
  File "/home/dm4/cachesim/.waf3-2.0.18-ff4ae9f5cc05353d3dc3aeff8854ae69/waflib/Configure.py", line 333, in run_build
    bld.compile()
  File "/home/dm4/cachesim/.waf3-2.0.18-ff4ae9f5cc05353d3dc3aeff8854ae69/waflib/Build.py", line 176, in compile
    raise Errors.BuildError(self.producer.error)
waflib.Errors.BuildError: Build failed
 -> task in 'testprog' failed with exit status 1 (run with -v to display more information)

not found
from /home/dm4/cachesim/src/core: The configuration failed
------------------------------------------------------
Checking for library rt
==>

int main(int argc, char **argv) {
	(void)argc; (void)argv;
	return 0;
}

<==
[1/2] Compiling build/.conf_check_ab72690583f2973c46ae66ff926bf40d/test.cpp

['/usr/bin/g++', '-O0', '-ggdb', '-g3', '-Wall', '-std=c++11', '-pthread', '-DNS3_BUILD_PROFILE_DEBUG', '-DNS3_ASSERT_ENABLE', '-DNS3_LOG_ENABLE', '-DHAVE___UINT128_T=1', '-DINT64X64_USE_128=1', '-DHAVE_SYS_TYPES_H=1', '-DHAVE_SYS_STAT_H=1', '-DHAVE_DIRENT_H=1', '-DHAVE_STDLIB_H=1', '-DHAVE_GETENV=1', '-DHAVE_SIGNAL_H=1', '-DHAVE_PTHREAD_H=1', '-DHAVE_STDINT_H=1', '-DHAVE_INTTYPES_H=1', '../test.cpp', '-c', '-o/home/dm4/cachesim/build/.conf_check_ab72690583f2973c46ae66ff926bf40d/testbuild/test.cpp.1.o']
[2/2] Linking build/.conf_check_ab72690583f2973c46ae66ff926bf40d/testbuild/testprog

['/usr/bin/g++', '-pthread', 'test.cpp.1.o', '-o/home/dm4/cachesim/build/.conf_check_ab72690583f2973c46ae66ff926bf40d/testbuild/testprog', '-Wl,-Bstatic', '-Wl,-Bdynamic', '-lrt']
yes
------------------------------------------------------
Checking for program 'sudo'
/usr/bin/sudo
find program=['sudo'] paths=['/home/dm4/cachesim/tools/x86_trace_generator/pin-3.13-98189-g60a6ef199-gcc-linux', '/usr/local/sbin', '/usr/local/bin', '/usr/sbin', '/usr/bin', '/sbin', '/bin', '/usr/games', '/usr/local/games', '/snap/bin', '/snap/bin'] var='SUDO' -> ['/usr/bin/sudo']
