5bf0bb9d72a0 1 R 0
5bf0bb9d72a4 1 R 0
5bf0bb9d72a8 1 R 0
5bf0bb9d72ac 1 R 0
5bf0bb9d72b0 1 R 0
5bf0bb9d72b4 1 R 0
5bf0bb9d72b8 1 R 0
5bf0bb9d72bc 1 R 0
5bf0bb9d72c0 1 R 0
5bf0bb9d72c4 1 R 0
5bf0bb9d72c8 1 R 0
5bf0bb9d72cc 1 R 0
5bf0bb9d72d0 1 R 0
5bf0bb9d72d4 1 R 0
5bf0bb9d72d8 1 R 0
5bf0bb9d72dc 1 R 0
5bf0bb9d72e0 1 R 0
5bf0bb9d72e4 1 R 0
5bf0bb9d72e8 1 R 0
5bf0bb9d72ec 1 R 0
5bf0bb9d72f0 1 R 0
5bf0bb9d72f4 1 R 0
5bf0bb9d72f8 1 R 0
5bf0bb9d72fc 1 R 0
5bf0bb9d7300 1 R 0
5bf0bb9d7304 1 R 0
5bf0bb9d7308 1 R 0
5bf0bb9d730c 1 R 0
5bf0bb9d7310 1 R 0
5bf0bb9d7314 1 R 0
5bf0bb9d7318 1 R 0
5bf0bb9d731c 1 R 0
5bf0bb9d7320 1 R 0
5bf0bb9d7324 1 R 0
5bf0bb9d7328 1 R 0
5bf0bb9d732c 1 R 0
5bf0bb9d7330 1 R 0
5bf0bb9d7334 1 R 0
5bf0bb9d7338 1 R 0
5bf0bb9d733c 1 R 0
5bf0bb9d7340 1 R 0
5bf0bb9d7344 1 R 0
5bf0bb9d7348 1 R 0
5bf0bb9d734c 1 R 0
5bf0bb9d7350 1 R 0
5bf0bb9d7354 1 R 0
5bf0bb9d7358 1 R 0
5bf0bb9d735c 1 R 0
5bf0bb9d7360 1 R 0
5bf0bb9d7364 1 R 0
5bf0bb9d7368 1 R 0
5bf0bb9d736c 1 R 0
5bf0bb9d7370 1 R 0
5bf0bb9d7374 1 R 0
5bf0bb9d7378 1 R 0
5bf0bb9d737c 1 R 0
5bf0bb9d7380 1 R 0
5bf0bb9d7384 1 R 0
5bf0bb9d7388 1 R 0
5bf0bb9d738c 1 R 0
5bf0bb9d7390 1 R 0
5bf0bb9d7394 1 R 0
5bf0bb9d7398 1 R 0
5bf0bb9d739c 1 R 0
5bf0bb9d73a0 1 R 0
5bf0bb9d73a4 1 R 0
5bf0bb9d73a8 1 R 0
5bf0bb9d73ac 1 R 0
5bf0bb9d73b0 1 R 0
5bf0bb9d73b4 1 R 0
5bf0bb9d73b8 1 R 0
5bf0bb9d73bc 1 R 0
5bf0bb9d73c0 1 R 0
5bf0bb9d73c4 1 R 0
5bf0bb9d73c8 1 R 0
5bf0bb9d73cc 1 R 0
5bf0bb9d73d0 1 R 0
5bf0bb9d73d4 1 R 0
5bf0bb9d73d8 1 R 0
5bf0bb9d73dc 1 R 0
5bf0bb9d73e0 1 R 0
5bf0bb9d73e4 1 R 0
5bf0bb9d73e8 1 R 0
5bf0bb9d73ec 1 R 0
5bf0bb9d73f0 1 R 0
5bf0bb9d73f4 1 R 0
5bf0bb9d73f8 1 R 0
5bf0bb9d73fc 1 R 0
5bf0bb9d7400 1 R 0
5bf0bb9d7404 1 R 0
5bf0bb9d7408 1 R 0
5bf0bb9d740c 1 R 0
5bf0bb9d7410 1 R 0
5bf0bb9d7414 1 R 0
5bf0bb9d7418 1 R 0
5bf0bb9d741c 1 R 0
5bf0bb9d7420 1 R 0
5bf0bb9d7424 1 R 0
5bf0bb9d7428 1 R 0
5bf0bb9d742c 1 R 0
5bf0bb9d7430 1 R 0
5bf0bb9d7434 1 R 0
5bf0bb9d7438 1 R 0
5bf0bb9d743c 1 R 0
5bf0bb9d7440 1 R 0
5bf0bb9d7444 1 R 0
5bf0bb9d7448 1 R 0
5bf0bb9d744c 1 R 0
5bf0bb9d7450 1 R 0
5bf0bb9d7454 1 R 0
5bf0bb9d7458 1 R 0
5bf0bb9d745c 1 R 0
5bf0bb9d7460 1 R 0
5bf0bb9d7464 1 R 0
5bf0bb9d7468 1 R 0
5bf0bb9d746c 1 R 0
5bf0bb9d7470 1 R 0
5bf0bb9d7474 1 R 0
5bf0bb9d7478 1 R 0
5bf0bb9d747c 1 R 0
5bf0bb9d7480 1 R 0
5bf0bb9d7484 1 R 0
5bf0bb9d7488 1 R 0
5bf0bb9d748c 1 R 0
5bf0bb9d7490 1 R 0
5bf0bb9d7494 1 R 0
5bf0bb9d7498 1 R 0
5bf0bb9d749c 1 R 0
5bf0bb9d74a0 1 R 0
5bf0bb9d74a4 1 R 0
5bf0bb9d74a8 1 R 0
5bf0bb9d74ac 1 R 0
5bf0bb9d74b0 1 R 0
5bf0bb9d74b4 1 R 0
5bf0bb9d74b8 1 R 0
5bf0bb9d74bc 1 R 0
5bf0bb9d74c0 1 R 0
5bf0bb9d74c4 1 R 0
5bf0bb9d74c8 1 R 0
5bf0bb9d74cc 1 R 0
5bf0bb9d74d0 1 R 0
5bf0bb9d74d4 1 R 0
5bf0bb9d74d8 1 R 0
5bf0bb9d74dc 1 R 0
5bf0bb9d74e0 1 R 0
5bf0bb9d74e4 1 R 0
5bf0bb9d74e8 1 R 0
5bf0bb9d74ec 1 R 0
5bf0bb9d74f0 1 R 0
5bf0bb9d74f4 1 R 0
5bf0bb9d74f8 1 R 0
5bf0bb9d74fc 1 R 0
5bf0bb9d7500 1 R 0
5bf0bb9d7504 1 R 0
5bf0bb9d7508 1 R 0
5bf0bb9d750c 1 R 0
5bf0bb9d7510 1 R 0
5bf0bb9d7514 1 R 0
5bf0bb9d7518 1 R 0
5bf0bb9d751c 1 R 0
5bf0bb9d7520 1 R 0
5bf0bb9d7524 1 R 0
5bf0bb9d7528 1 R 0
5bf0bb9d752c 1 R 0
5bf0bb9d7530 1 R 0
5bf0bb9d7534 1 R 0
5bf0bb9d7538 1 R 0
5bf0bb9d753c 1 R 0
5bf0bb9d7540 1 R 0
5bf0bb9d7544 1 R 0
5bf0bb9d7548 1 R 0
5bf0bb9d754c 1 R 0
5bf0bb9d7550 1 R 0
5bf0bb9d7554 1 R 0
5bf0bb9d7558 1 R 0
5bf0bb9d755c 1 R 0
5bf0bb9d7560 1 R 0
5bf0bb9d7564 1 R 0
5bf0bb9d7568 1 R 0
5bf0bb9d756c 1 R 0
5bf0bb9d7570 1 R 0
5bf0bb9d7574 1 R 0
5bf0bb9d7578 1 R 0
5bf0bb9d757c 1 R 0
5bf0bb9d7580 1 R 0
5bf0bb9d7584 1 R 0
5bf0bb9d7588 1 R 0
5bf0bb9d758c 1 R 0
5bf0bb9d7590 1 R 0
5bf0bb9d7594 1 R 0
5bf0bb9d7598 1 R 0
5bf0bb9d759c 1 R 0
5bf0bb9d75a0 1 R 0
5bf0bb9d75a4 1 R 0
5bf0bb9d75a8 1 R 0
5bf0bb9d75ac 1 R 0
5bf0bb9d75b0 1 R 0
5bf0bb9d75b4 1 R 0
5bf0bb9d75b8 1 R 0
5bf0bb9d75bc 1 R 0
5bf0bb9d75c0 1 R 0
5bf0bb9d75c4 1 R 0
5bf0bb9d75c8 1 R 0
5bf0bb9d75cc 1 R 0
5bf0bb9d75d0 1 R 0
5bf0bb9d75d4 1 R 0
5bf0bb9d75d8 1 R 0
5bf0bb9d75dc 1 R 0
5bf0bb9d75e0 1 R 0
5bf0bb9d75e4 1 R 0
5bf0bb9d75e8 1 R 0
5bf0bb9d75ec 1 R 0
5bf0bb9d75f0 1 R 0
5bf0bb9d75f4 1 R 0
5bf0bb9d75f8 1 R 0
5bf0bb9d75fc 1 R 0
5bf0bb9d7600 1 R 0
5bf0bb9d7604 1 R 0
5bf0bb9d7608 1 R 0
5bf0bb9d760c 1 R 0
5bf0bb9d7610 1 R 0
5bf0bb9d7614 1 R 0
5bf0bb9d7618 1 R 0
5bf0bb9d761c 1 R 0
5bf0bb9d7620 1 R 0
5bf0bb9d7624 1 R 0
5bf0bb9d7628 1 R 0
5bf0bb9d762c 1 R 0
5bf0bb9d7630 1 R 0
5bf0bb9d7634 1 R 0
5bf0bb9d7638 1 R 0
5bf0bb9d763c 1 R 0
5bf0bb9d7640 1 R 0
5bf0bb9d7644 1 R 0
5bf0bb9d7648 1 R 0
5bf0bb9d764c 1 R 0
5bf0bb9d7650 1 R 0
5bf0bb9d7654 1 R 0
5bf0bb9d7658 1 R 0
5bf0bb9d765c 1 R 0
5bf0bb9d7660 1 R 0
5bf0bb9d7664 1 R 0
5bf0bb9d7668 1 R 0
5bf0bb9d766c 1 R 0
5bf0bb9d7670 1 R 0
5bf0bb9d7674 1 R 0
5bf0bb9d7678 1 R 0
5bf0bb9d767c 1 R 0
5bf0bb9d7680 1 R 0
5bf0bb9d7684 1 R 0
5bf0bb9d7688 1 R 0
5bf0bb9d768c 1 R 0
5bf0bb9d7690 1 R 0
5bf0bb9d7694 1 R 0
5bf0bb9d7698 1 R 0
5bf0bb9d769c 1 R 0
5bf0bb9d76a0 1 R 0
5bf0bb9d76a4 1 R 0
5bf0bb9d76a8 1 R 0
5bf0bb9d76ac 1 R 0
5bf0bb9d76b0 1 R 0
5bf0bb9d76b4 1 R 0
5bf0bb9d76b8 1 R 0
5bf0bb9d76bc 1 R 0
5bf0bb9d76c0 1 R 0
5bf0bb9d76c4 1 R 0
5bf0bb9d76c8 1 R 0
5bf0bb9d76cc 1 R 0
5bf0bb9d76d0 1 R 0
5bf0bb9d76d4 1 R 0
5bf0bb9d76d8 1 R 0
5bf0bb9d76dc 1 R 0
5bf0bb9d76e0 1 R 0
5bf0bb9d76e4 1 R 0
5bf0bb9d76e8 1 R 0
5bf0bb9d76ec 1 R 0
5bf0bb9d76f0 1 R 0
5bf0bb9d76f4 1 R 0
5bf0bb9d76f8 1 R 0
5bf0bb9d76fc 1 R 0
5bf0bb9d7700 1 R 0
5bf0bb9d7704 1 R 0
5bf0bb9d7708 1 R 0
5bf0bb9d770c 1 R 0
5bf0bb9d7710 1 R 0
5bf0bb9d7714 1 R 0
5bf0bb9d7718 1 R 0
5bf0bb9d771c 1 R 0
5bf0bb9d7720 1 R 0
5bf0bb9d7724 1 R 0
5bf0bb9d7728 1 R 0
5bf0bb9d772c 1 R 0
5bf0bb9d7730 1 R 0
5bf0bb9d7734 1 R 0
5bf0bb9d7738 1 R 0
5bf0bb9d773c 1 R 0
5bf0bb9d7740 1 R 0
5bf0bb9d7744 1 R 0
5bf0bb9d7748 1 R 0
5bf0bb9d774c 1 R 0
5bf0bb9d7750 1 R 0
5bf0bb9d7754 1 R 0
5bf0bb9d7758 1 R 0
5bf0bb9d775c 1 R 0
5bf0bb9d7760 1 R 0
5bf0bb9d7764 1 R 0
5bf0bb9d7768 1 R 0
5bf0bb9d776c 1 R 0
5bf0bb9d7770 1 R 0
5bf0bb9d7774 1 R 0
5bf0bb9d7778 1 R 0
5bf0bb9d777c 1 R 0
5bf0bb9d7780 1 R 0
5bf0bb9d7784 1 R 0
5bf0bb9d7788 1 R 0
5bf0bb9d778c 1 R 0
5bf0bb9d7790 1 R 0
5bf0bb9d7794 1 R 0
5bf0bb9d7798 1 R 0
5bf0bb9d779c 1 R 0
5bf0bb9d77a0 1 R 0
5bf0bb9d77a4 1 R 0
5bf0bb9d77a8 1 R 0
5bf0bb9d77ac 1 R 0
5bf0bb9d77b0 1 R 0
5bf0bb9d77b4 1 R 0
5bf0bb9d77b8 1 R 0
5bf0bb9d77bc 1 R 0
5bf0bb9d77c0 1 R 0
5bf0bb9d77c4 1 R 0
5bf0bb9d77c8 1 R 0
5bf0bb9d77cc 1 R 0
5bf0bb9d77d0 1 R 0
5bf0bb9d77d4 1 R 0
5bf0bb9d77d8 1 R 0
5bf0bb9d77dc 1 R 0
5bf0bb9d77e0 1 R 0
5bf0bb9d77e4 1 R 0
5bf0bb9d77e8 1 R 0
5bf0bb9d77ec 1 R 0
5bf0bb9d77f0 1 R 0
5bf0bb9d77f4 1 R 0
5bf0bb9d77f8 1 R 0
5bf0bb9d77fc 1 R 0
5bf0bb9d7800 1 R 0
5bf0bb9d7804 1 R 0
5bf0bb9d7808 1 R 0
5bf0bb9d780c 1 R 0
5bf0bb9d7810 1 R 0
5bf0bb9d7814 1 R 0
5bf0bb9d7818 1 R 0
5bf0bb9d781c 1 R 0
5bf0bb9d7820 1 R 0
5bf0bb9d7824 1 R 0
5bf0bb9d7828 1 R 0
5bf0bb9d782c 1 R 0
5bf0bb9d7830 1 R 0
5bf0bb9d7834 1 R 0
5bf0bb9d7838 1 R 0
5bf0bb9d783c 1 R 0
5bf0bb9d7840 1 R 0
5bf0bb9d7844 1 R 0
5bf0bb9d7848 1 R 0
5bf0bb9d784c 1 R 0
5bf0bb9d7850 1 R 0
5bf0bb9d7854 1 R 0
5bf0bb9d7858 1 R 0
5bf0bb9d785c 1 R 0
5bf0bb9d7860 1 R 0
5bf0bb9d7864 1 R 0
5bf0bb9d7868 1 R 0
5bf0bb9d786c 1 R 0
5bf0bb9d7870 1 R 0
5bf0bb9d7874 1 R 0
5bf0bb9d7878 1 R 0
5bf0bb9d787c 1 R 0
5bf0bb9d7880 1 R 0
5bf0bb9d7884 1 R 0
5bf0bb9d7888 1 R 0
5bf0bb9d788c 1 R 0
5bf0bb9d7890 1 R 0
5bf0bb9d7894 1 R 0
5bf0bb9d7898 1 R 0
5bf0bb9d789c 1 R 0
5bf0bb9d78a0 1 R 0
5bf0bb9d78a4 1 R 0
5bf0bb9d78a8 1 R 0
5bf0bb9d78ac 1 R 0
5bf0bb9d78b0 1 R 0
5bf0bb9d78b4 1 R 0
5bf0bb9d78b8 1 R 0
5bf0bb9d78bc 1 R 0
5bf0bb9d78c0 1 R 0
5bf0bb9d78c4 1 R 0
5bf0bb9d78c8 1 R 0
5bf0bb9d78cc 1 R 0
5bf0bb9d78d0 1 R 0
5bf0bb9d78d4 1 R 0
5bf0bb9d78d8 1 R 0
5bf0bb9d78dc 1 R 0
5bf0bb9d78e0 1 R 0
5bf0bb9d78e4 1 R 0
5bf0bb9d78e8 1 R 0
5bf0bb9d78ec 1 R 0
5bf0bb9d78f0 1 R 0
5bf0bb9d78f4 1 R 0
5bf0bb9d78f8 1 R 0
5bf0bb9d78fc 1 R 0
5bf0bb9d7900 1 R 0
5bf0bb9d7904 1 R 0
5bf0bb9d7908 1 R 0
5bf0bb9d790c 1 R 0
5bf0bb9d7910 1 R 0
5bf0bb9d7914 1 R 0
5bf0bb9d7918 1 R 0
5bf0bb9d791c 1 R 0
5bf0bb9d7920 1 R 0
5bf0bb9d7924 1 R 0
5bf0bb9d7928 1 R 0
5bf0bb9d792c 1 R 0
5bf0bb9d7930 1 R 0
5bf0bb9d7934 1 R 0
5bf0bb9d7938 1 R 0
5bf0bb9d793c 1 R 0
5bf0bb9d7940 1 R 0
5bf0bb9d7944 1 R 0
5bf0bb9d7948 1 R 0
5bf0bb9d794c 1 R 0
5bf0bb9d7950 1 R 0
5bf0bb9d7954 1 R 0
5bf0bb9d7958 1 R 0
5bf0bb9d795c 1 R 0
5bf0bb9d7960 1 R 0
5bf0bb9d7964 1 R 0
5bf0bb9d7968 1 R 0
5bf0bb9d796c 1 R 0
5bf0bb9d7970 1 R 0
5bf0bb9d7974 1 R 0
5bf0bb9d7978 1 R 0
5bf0bb9d797c 1 R 0
5bf0bb9d7980 1 R 0
5bf0bb9d7984 1 R 0
5bf0bb9d7988 1 R 0
5bf0bb9d798c 1 R 0
5bf0bb9d7990 1 R 0
5bf0bb9d7994 1 R 0
5bf0bb9d7998 1 R 0
5bf0bb9d799c 1 R 0
5bf0bb9d79a0 1 R 0
5bf0bb9d79a4 1 R 0
5bf0bb9d79a8 1 R 0
5bf0bb9d79ac 1 R 0
5bf0bb9d79b0 1 R 0
5bf0bb9d79b4 1 R 0
5bf0bb9d79b8 1 R 0
5bf0bb9d79bc 1 R 0
5bf0bb9d79c0 1 R 0
5bf0bb9d79c4 1 R 0
5bf0bb9d79c8 1 R 0
5bf0bb9d79cc 1 R 0
5bf0bb9d79d0 1 R 0
5bf0bb9d79d4 1 R 0
5bf0bb9d79d8 1 R 0
5bf0bb9d79dc 1 R 0
5bf0bb9d79e0 1 R 0
5bf0bb9d79e4 1 R 0
5bf0bb9d79e8 1 R 0
5bf0bb9d79ec 1 R 0
5bf0bb9d79f0 1 R 0
5bf0bb9d79f4 1 R 0
5bf0bb9d79f8 1 R 0
5bf0bb9d79fc 1 R 0
5bf0bb9d7a00 1 R 0
5bf0bb9d7a04 1 R 0
5bf0bb9d7a08 1 R 0
5bf0bb9d7a0c 1 R 0
5bf0bb9d7a10 1 R 0
5bf0bb9d7a14 1 R 0
5bf0bb9d7a18 1 R 0
5bf0bb9d7a1c 1 R 0
5bf0bb9d7a20 1 R 0
5bf0bb9d7a24 1 R 0
5bf0bb9d7a28 1 R 0
5bf0bb9d7a2c 1 R 0
5bf0bb9d7a30 1 R 0
5bf0bb9d7a34 1 R 0
5bf0bb9d7a38 1 R 0
5bf0bb9d7a3c 1 R 0
5bf0bb9d7a40 1 R 0
5bf0bb9d7a44 1 R 0
5bf0bb9d7a48 1 R 0
5bf0bb9d7a4c 1 R 0
5bf0bb9d7a50 1 R 0
5bf0bb9d7a54 1 R 0
5bf0bb9d7a58 1 R 0
5bf0bb9d7a5c 1 R 0
5bf0bb9d7a60 1 R 0
5bf0bb9d7a64 1 R 0
5bf0bb9d7a68 1 R 0
5bf0bb9d7a6c 1 R 0
5bf0bb9d7a70 1 R 0
5bf0bb9d7a74 1 R 0
5bf0bb9d7a78 1 R 0
5bf0bb9d7a7c 1 R 0
5bf0bb9d7a80 1 R 0
5bf0bb9d7a84 1 R 0
5bf0bb9d7a88 1 R 0
5bf0bb9d7a8c 1 R 0
5bf0bb9d7a90 1 R 0
5bf0bb9d7a94 1 R 0
5bf0bb9d7a98 1 R 0
5bf0bb9d7a9c 1 R 0
5bf0bb9d7aa0 1 R 0
5bf0bb9d7aa4 1 R 0
5bf0bb9d7aa8 1 R 0
5bf0bb9d7aac 1 R 0
5bf0bb9d7ab0 1 R 0
5bf0bb9d7ab4 1 R 0
5bf0bb9d7ab8 1 R 0
5bf0bb9d7abc 1 R 0
5bf0bb9d7ac0 1 R 0
5bf0bb9d7ac4 1 R 0
5bf0bb9d7ac8 1 R 0
5bf0bb9d7acc 1 R 0
5bf0bb9d7ad0 1 R 0
5bf0bb9d7ad4 1 R 0
5bf0bb9d7ad8 1 R 0
5bf0bb9d7adc 1 R 0
5bf0bb9d7ae0 1 R 0
5bf0bb9d7ae4 1 R 0
5bf0bb9d7ae8 1 R 0
5bf0bb9d7aec 1 R 0
5bf0bb9d7af0 1 R 0
5bf0bb9d7af4 1 R 0
5bf0bb9d7af8 1 R 0
5bf0bb9d7afc 1 R 0
5bf0bb9d7b00 1 R 0
5bf0bb9d7b04 1 R 0
5bf0bb9d7b08 1 R 0
5bf0bb9d7b0c 1 R 0
5bf0bb9d7b10 1 R 0
5bf0bb9d7b14 1 R 0
5bf0bb9d7b18 1 R 0
5bf0bb9d7b1c 1 R 0
5bf0bb9d7b20 1 R 0
5bf0bb9d7b24 1 R 0
5bf0bb9d7b28 1 R 0
5bf0bb9d7b2c 1 R 0
5bf0bb9d7b30 1 R 0
5bf0bb9d7b34 1 R 0
5bf0bb9d7b38 1 R 0
5bf0bb9d7b3c 1 R 0
5bf0bb9d7b40 1 R 0
5bf0bb9d7b44 1 R 0
5bf0bb9d7b48 1 R 0
5bf0bb9d7b4c 1 R 0
5bf0bb9d7b50 1 R 0
5bf0bb9d7b54 1 R 0
5bf0bb9d7b58 1 R 0
5bf0bb9d7b5c 1 R 0
5bf0bb9d7b60 1 R 0
5bf0bb9d7b64 1 R 0
5bf0bb9d7b68 1 R 0
5bf0bb9d7b6c 1 R 0
5bf0bb9d7b70 1 R 0
5bf0bb9d7b74 1 R 0
5bf0bb9d7b78 1 R 0
5bf0bb9d7b7c 1 R 0
5bf0bb9d7b80 1 R 0
5bf0bb9d7b84 1 R 0
5bf0bb9d7b88 1 R 0
5bf0bb9d7b8c 1 R 0
5bf0bb9d7b90 1 R 0
5bf0bb9d7b94 1 R 0
5bf0bb9d7b98 1 R 0
5bf0bb9d7b9c 1 R 0
5bf0bb9d7ba0 1 R 0
5bf0bb9d7ba4 1 R 0
5bf0bb9d7ba8 1 R 0
5bf0bb9d7bac 1 R 0
5bf0bb9d7bb0 1 R 0
5bf0bb9d7bb4 1 R 0
5bf0bb9d7bb8 1 R 0
5bf0bb9d7bbc 1 R 0
5bf0bb9d7bc0 1 R 0
5bf0bb9d7bc4 1 R 0
5bf0bb9d7bc8 1 R 0
5bf0bb9d7bcc 1 R 0
5bf0bb9d7bd0 1 R 0
5bf0bb9d7bd4 1 R 0
5bf0bb9d7bd8 1 R 0
5bf0bb9d7bdc 1 R 0
5bf0bb9d7be0 1 R 0
5bf0bb9d7be4 1 R 0
5bf0bb9d7be8 1 R 0
5bf0bb9d7bec 1 R 0
5bf0bb9d7bf0 1 R 0
5bf0bb9d7bf4 1 R 0
5bf0bb9d7bf8 1 R 0
5bf0bb9d7bfc 1 R 0
5bf0bb9d7c00 1 R 0
5bf0bb9d7c04 1 R 0
5bf0bb9d7c08 1 R 0
5bf0bb9d7c0c 1 R 0
5bf0bb9d7c10 1 R 0
5bf0bb9d7c14 1 R 0
5bf0bb9d7c18 1 R 0
5bf0bb9d7c1c 1 R 0
5bf0bb9d7c20 1 R 0
5bf0bb9d7c24 1 R 0
5bf0bb9d7c28 1 R 0
5bf0bb9d7c2c 1 R 0
5bf0bb9d7c30 1 R 0
5bf0bb9d7c34 1 R 0
5bf0bb9d7c38 1 R 0
5bf0bb9d7c3c 1 R 0
5bf0bb9d7c40 1 R 0
5bf0bb9d7c44 1 R 0
5bf0bb9d7c48 1 R 0
5bf0bb9d7c4c 1 R 0
5bf0bb9d7c50 1 R 0
5bf0bb9d7c54 1 R 0
5bf0bb9d7c58 1 R 0
5bf0bb9d7c5c 1 R 0
5bf0bb9d7c60 1 R 0
5bf0bb9d7c64 1 R 0
5bf0bb9d7c68 1 R 0
5bf0bb9d7c6c 1 R 0
5bf0bb9d7c70 1 R 0
5bf0bb9d7c74 1 R 0
5bf0bb9d7c78 1 R 0
5bf0bb9d7c7c 1 R 0
5bf0bb9d7c80 1 R 0
5bf0bb9d7c84 1 R 0
5bf0bb9d7c88 1 R 0
5bf0bb9d7c8c 1 R 0
5bf0bb9d7c90 1 R 0
5bf0bb9d7c94 1 R 0
5bf0bb9d7c98 1 R 0
5bf0bb9d7c9c 1 R 0
5bf0bb9d7ca0 1 R 0
5bf0bb9d7ca4 1 R 0
5bf0bb9d7ca8 1 R 0
5bf0bb9d7cac 1 R 0
5bf0bb9d7cb0 1 R 0
5bf0bb9d7cb4 1 R 0
5bf0bb9d7cb8 1 R 0
5bf0bb9d7cbc 1 R 0
5bf0bb9d7cc0 1 R 0
5bf0bb9d7cc4 1 R 0
5bf0bb9d7cc8 1 R 0
5bf0bb9d7ccc 1 R 0
5bf0bb9d7cd0 1 R 0
5bf0bb9d7cd4 1 R 0
5bf0bb9d7cd8 1 R 0
5bf0bb9d7cdc 1 R 0
5bf0bb9d7ce0 1 R 0
5bf0bb9d7ce4 1 R 0
5bf0bb9d7ce8 1 R 0
5bf0bb9d7cec 1 R 0
5bf0bb9d7cf0 1 R 0
5bf0bb9d7cf4 1 R 0
5bf0bb9d7cf8 1 R 0
5bf0bb9d7cfc 1 R 0
5bf0bb9d7d00 1 R 0
5bf0bb9d7d04 1 R 0
5bf0bb9d7d08 1 R 0
5bf0bb9d7d0c 1 R 0
5bf0bb9d7d10 1 R 0
5bf0bb9d7d14 1 R 0
5bf0bb9d7d18 1 R 0
5bf0bb9d7d1c 1 R 0
5bf0bb9d7d20 1 R 0
5bf0bb9d7d24 1 R 0
5bf0bb9d7d28 1 R 0
5bf0bb9d7d2c 1 R 0
5bf0bb9d7d30 1 R 0
5bf0bb9d7d34 1 R 0
5bf0bb9d7d38 1 R 0
5bf0bb9d7d3c 1 R 0
5bf0bb9d7d40 1 R 0
5bf0bb9d7d44 1 R 0
5bf0bb9d7d48 1 R 0
5bf0bb9d7d4c 1 R 0
5bf0bb9d7d50 1 R 0
5bf0bb9d7d54 1 R 0
5bf0bb9d7d58 1 R 0
5bf0bb9d7d5c 1 R 0
5bf0bb9d7d60 1 R 0
5bf0bb9d7d64 1 R 0
5bf0bb9d7d68 1 R 0
5bf0bb9d7d6c 1 R 0
5bf0bb9d7d70 1 R 0
5bf0bb9d7d74 1 R 0
5bf0bb9d7d78 1 R 0
5bf0bb9d7d7c 1 R 0
5bf0bb9d7d80 1 R 0
5bf0bb9d7d84 1 R 0
5bf0bb9d7d88 1 R 0
5bf0bb9d7d8c 1 R 0
5bf0bb9d7d90 1 R 0
5bf0bb9d7d94 1 R 0
5bf0bb9d7d98 1 R 0
5bf0bb9d7d9c 1 R 0
5bf0bb9d7da0 1 R 0
5bf0bb9d7da4 1 R 0
5bf0bb9d7da8 1 R 0
5bf0bb9d7dac 1 R 0
5bf0bb9d7db0 1 R 0
5bf0bb9d7db4 1 R 0
5bf0bb9d7db8 1 R 0
5bf0bb9d7dbc 1 R 0
5bf0bb9d7dc0 1 R 0
5bf0bb9d7dc4 1 R 0
5bf0bb9d7dc8 1 R 0
5bf0bb9d7dcc 1 R 0
5bf0bb9d7dd0 1 R 0
5bf0bb9d7dd4 1 R 0
5bf0bb9d7dd8 1 R 0
5bf0bb9d7ddc 1 R 0
5bf0bb9d7de0 1 R 0
5bf0bb9d7de4 1 R 0
5bf0bb9d7de8 1 R 0
5bf0bb9d7dec 1 R 0
5bf0bb9d7df0 1 R 0
5bf0bb9d7df4 1 R 0
5bf0bb9d7df8 1 R 0
5bf0bb9d7dfc 1 R 0
5bf0bb9d7e00 1 R 0
5bf0bb9d7e04 1 R 0
5bf0bb9d7e08 1 R 0
5bf0bb9d7e0c 1 R 0
5bf0bb9d7e10 1 R 0
5bf0bb9d7e14 1 R 0
5bf0bb9d7e18 1 R 0
5bf0bb9d7e1c 1 R 0
5bf0bb9d7e20 1 R 0
5bf0bb9d7e24 1 R 0
5bf0bb9d7e28 1 R 0
5bf0bb9d7e2c 1 R 0
5bf0bb9d7e30 1 R 0
5bf0bb9d7e34 1 R 0
5bf0bb9d7e38 1 R 0
5bf0bb9d7e3c 1 R 0
5bf0bb9d7e40 1 R 0
5bf0bb9d7e44 1 R 0
5bf0bb9d7e48 1 R 0
5bf0bb9d7e4c 1 R 0
5bf0bb9d7e50 1 R 0
5bf0bb9d7e54 1 R 0
5bf0bb9d7e58 1 R 0
5bf0bb9d7e5c 1 R 0
5bf0bb9d7e60 1 R 0
5bf0bb9d7e64 1 R 0
5bf0bb9d7e68 1 R 0
5bf0bb9d7e6c 1 R 0
5bf0bb9d7e70 1 R 0
5bf0bb9d7e74 1 R 0
5bf0bb9d7e78 1 R 0
5bf0bb9d7e7c 1 R 0
5bf0bb9d7e80 1 R 0
5bf0bb9d7e84 1 R 0
5bf0bb9d7e88 1 R 0
5bf0bb9d7e8c 1 R 0
5bf0bb9d7e90 1 R 0
5bf0bb9d7e94 1 R 0
5bf0bb9d7e98 1 R 0
5bf0bb9d7e9c 1 R 0
5bf0bb9d7ea0 1 R 0
5bf0bb9d7ea4 1 R 0
5bf0bb9d7ea8 1 R 0
5bf0bb9d7eac 1 R 0
5bf0bb9d7eb0 1 R 0
5bf0bb9d7eb4 1 R 0
5bf0bb9d7eb8 1 R 0
5bf0bb9d7ebc 1 R 0
5bf0bb9d7ec0 1 R 0
5bf0bb9d7ec4 1 R 0
5bf0bb9d7ec8 1 R 0
5bf0bb9d7ecc 1 R 0
5bf0bb9d7ed0 1 R 0
5bf0bb9d7ed4 1 R 0
5bf0bb9d7ed8 1 R 0
5bf0bb9d7edc 1 R 0
5bf0bb9d7ee0 1 R 0
5bf0bb9d7ee4 1 R 0
5bf0bb9d7ee8 1 R 0
5bf0bb9d7eec 1 R 0
5bf0bb9d7ef0 1 R 0
5bf0bb9d7ef4 1 R 0
5bf0bb9d7ef8 1 R 0
5bf0bb9d7efc 1 R 0
5bf0bb9d7f00 1 R 0
5bf0bb9d7f04 1 R 0
5bf0bb9d7f08 1 R 0
5bf0bb9d7f0c 1 R 0
5bf0bb9d7f10 1 R 0
5bf0bb9d7f14 1 R 0
5bf0bb9d7f18 1 R 0
5bf0bb9d7f1c 1 R 0
5bf0bb9d7f20 1 R 0
5bf0bb9d7f24 1 R 0
5bf0bb9d7f28 1 R 0
5bf0bb9d7f2c 1 R 0
5bf0bb9d7f30 1 R 0
5bf0bb9d7f34 1 R 0
5bf0bb9d7f38 1 R 0
5bf0bb9d7f3c 1 R 0
5bf0bb9d7f40 1 R 0
5bf0bb9d7f44 1 R 0
5bf0bb9d7f48 1 R 0
5bf0bb9d7f4c 1 R 0
5bf0bb9d7f50 1 R 0
5bf0bb9d7f54 1 R 0
5bf0bb9d7f58 1 R 0
5bf0bb9d7f5c 1 R 0
5bf0bb9d7f60 1 R 0
5bf0bb9d7f64 1 R 0
5bf0bb9d7f68 1 R 0
5bf0bb9d7f6c 1 R 0
5bf0bb9d7f70 1 R 0
5bf0bb9d7f74 1 R 0
5bf0bb9d7f78 1 R 0
5bf0bb9d7f7c 1 R 0
5bf0bb9d7f80 1 R 0
5bf0bb9d7f84 1 R 0
5bf0bb9d7f88 1 R 0
5bf0bb9d7f8c 1 R 0
5bf0bb9d7f90 1 R 0
5bf0bb9d7f94 1 R 0
5bf0bb9d7f98 1 R 0
5bf0bb9d7f9c 1 R 0
5bf0bb9d7fa0 1 R 0
5bf0bb9d7fa4 1 R 0
5bf0bb9d7fa8 1 R 0
5bf0bb9d7fac 1 R 0
5bf0bb9d7fb0 1 R 0
5bf0bb9d7fb4 1 R 0
5bf0bb9d7fb8 1 R 0
5bf0bb9d7fbc 1 R 0
5bf0bb9d7fc0 1 R 0
5bf0bb9d7fc4 1 R 0
5bf0bb9d7fc8 1 R 0
5bf0bb9d7fcc 1 R 0
5bf0bb9d7fd0 1 R 0
5bf0bb9d7fd4 1 R 0
5bf0bb9d7fd8 1 R 0
5bf0bb9d7fdc 1 R 0
5bf0bb9d7fe0 1 R 0
5bf0bb9d7fe4 1 R 0
5bf0bb9d7fe8 1 R 0
5bf0bb9d7fec 1 R 0
5bf0bb9d7ff0 1 R 0
5bf0bb9d7ff4 1 R 0
5bf0bb9d7ff8 1 R 0
5bf0bb9d7ffc 1 R 0
5bf0bb9d8000 1 R 0
5bf0bb9d8004 1 R 0
5bf0bb9d8008 1 R 0
5bf0bb9d800c 1 R 0
5bf0bb9d8010 1 R 0
5bf0bb9d8014 1 R 0
5bf0bb9d8018 1 R 0
5bf0bb9d801c 1 R 0
5bf0bb9d8020 1 R 0
5bf0bb9d8024 1 R 0
5bf0bb9d8028 1 R 0
5bf0bb9d802c 1 R 0
5bf0bb9d8030 1 R 0
5bf0bb9d8034 1 R 0
5bf0bb9d8038 1 R 0
5bf0bb9d803c 1 R 0
5bf0bb9d8040 1 R 0
5bf0bb9d8044 1 R 0
5bf0bb9d8048 1 R 0
5bf0bb9d804c 1 R 0
5bf0bb9d8050 1 R 0
5bf0bb9d8054 1 R 0
5bf0bb9d8058 1 R 0
5bf0bb9d805c 1 R 0
5bf0bb9d8060 1 R 0
5bf0bb9d8064 1 R 0
5bf0bb9d8068 1 R 0
5bf0bb9d806c 1 R 0
5bf0bb9d8070 1 R 0
5bf0bb9d8074 1 R 0
5bf0bb9d8078 1 R 0
5bf0bb9d807c 1 R 0
5bf0bb9d8080 1 R 0
5bf0bb9d8084 1 R 0
5bf0bb9d8088 1 R 0
5bf0bb9d808c 1 R 0
5bf0bb9d8090 1 R 0
5bf0bb9d8094 1 R 0
5bf0bb9d8098 1 R 0
5bf0bb9d809c 1 R 0
5bf0bb9d80a0 1 R 0
5bf0bb9d80a4 1 R 0
5bf0bb9d80a8 1 R 0
5bf0bb9d80ac 1 R 0
5bf0bb9d80b0 1 R 0
5bf0bb9d80b4 1 R 0
5bf0bb9d80b8 1 R 0
5bf0bb9d80bc 1 R 0
5bf0bb9d80c0 1 R 0
5bf0bb9d80c4 1 R 0
5bf0bb9d80c8 1 R 0
5bf0bb9d80cc 1 R 0
5bf0bb9d80d0 1 R 0
5bf0bb9d80d4 1 R 0
5bf0bb9d80d8 1 R 0
5bf0bb9d80dc 1 R 0
5bf0bb9d80e0 1 R 0
5bf0bb9d80e4 1 R 0
5bf0bb9d80e8 1 R 0
5bf0bb9d80ec 1 R 0
5bf0bb9d80f0 1 R 0
5bf0bb9d80f4 1 R 0
5bf0bb9d80f8 1 R 0
5bf0bb9d80fc 1 R 0
5bf0bb9d8100 1 R 0
5bf0bb9d8104 1 R 0
5bf0bb9d8108 1 R 0
5bf0bb9d810c 1 R 0
5bf0bb9d8110 1 R 0
5bf0bb9d8114 1 R 0
5bf0bb9d8118 1 R 0
5bf0bb9d811c 1 R 0
5bf0bb9d8120 1 R 0
5bf0bb9d8124 1 R 0
5bf0bb9d8128 1 R 0
5bf0bb9d812c 1 R 0
5bf0bb9d8130 1 R 0
5bf0bb9d8134 1 R 0
5bf0bb9d8138 1 R 0
5bf0bb9d813c 1 R 0
5bf0bb9d8140 1 R 0
5bf0bb9d8144 1 R 0
5bf0bb9d8148 1 R 0
5bf0bb9d814c 1 R 0
5bf0bb9d8150 1 R 0
5bf0bb9d8154 1 R 0
5bf0bb9d8158 1 R 0
5bf0bb9d815c 1 R 0
5bf0bb9d8160 1 R 0
5bf0bb9d8164 1 R 0
5bf0bb9d8168 1 R 0
5bf0bb9d816c 1 R 0
5bf0bb9d8170 1 R 0
5bf0bb9d8174 1 R 0
5bf0bb9d8178 1 R 0
5bf0bb9d817c 1 R 0
5bf0bb9d8180 1 R 0
5bf0bb9d8184 1 R 0
5bf0bb9d8188 1 R 0
5bf0bb9d818c 1 R 0
5bf0bb9d8190 1 R 0
5bf0bb9d8194 1 R 0
5bf0bb9d8198 1 R 0
5bf0bb9d819c 1 R 0
5bf0bb9d81a0 1 R 0
5bf0bb9d81a4 1 R 0
5bf0bb9d81a8 1 R 0
5bf0bb9d81ac 1 R 0
5bf0bb9d81b0 1 R 0
5bf0bb9d81b4 1 R 0
5bf0bb9d81b8 1 R 0
5bf0bb9d81bc 1 R 0
5bf0bb9d81c0 1 R 0
5bf0bb9d81c4 1 R 0
5bf0bb9d81c8 1 R 0
5bf0bb9d81cc 1 R 0
5bf0bb9d81d0 1 R 0
5bf0bb9d81d4 1 R 0
5bf0bb9d81d8 1 R 0
5bf0bb9d81dc 1 R 0
5bf0bb9d81e0 1 R 0
5bf0bb9d81e4 1 R 0
5bf0bb9d81e8 1 R 0
5bf0bb9d81ec 1 R 0
5bf0bb9d81f0 1 R 0
5bf0bb9d81f4 1 R 0
5bf0bb9d81f8 1 R 0
5bf0bb9d81fc 1 R 0
5bf0bb9d8200 1 R 0
5bf0bb9d8204 1 R 0
5bf0bb9d8208 1 R 0
5bf0bb9d820c 1 R 0
5bf0bb9d8210 1 R 0
5bf0bb9d8214 1 R 0
5bf0bb9d8218 1 R 0
5bf0bb9d821c 1 R 0
5bf0bb9d8220 1 R 0
5bf0bb9d8224 1 R 0
5bf0bb9d8228 1 R 0
5bf0bb9d822c 1 R 0
5bf0bb9d8230 1 R 0
5bf0bb9d8234 1 R 0
5bf0bb9d8238 1 R 0
5bf0bb9d823c 1 R 0
5bf0bb9d8240 1 R 0
5bf0bb9d8244 1 R 0
5bf0bb9d8248 1 R 0
5bf0bb9d824c 1 R 0
5bf0bb9d8250 1 R 0
5bf0bb9d8254 1 R 0
5bf0bb9d8258 1 R 0
5bf0bb9d825c 1 R 0
5bf0bb9d8260 1 R 0
5bf0bb9d8264 1 R 0
5bf0bb9d8268 1 R 0
5bf0bb9d826c 1 R 0
5bf0bb9d8270 1 R 0
5bf0bb9d8274 1 R 0
5bf0bb9d8278 1 R 0
5bf0bb9d827c 1 R 0
5bf0bb9d8280 1 R 0
5bf0bb9d8284 1 R 0
5bf0bb9d8288 1 R 0
5bf0bb9d828c 1 R 0
5bf0bb9d8290 1 R 0
5bf0bb9d8294 1 R 0
5bf0bb9d8298 1 R 0
5bf0bb9d829c 1 R 0
7ffdee0b85b8 1 W 0
